Wed May  8 15:14:03 2024       
+-----------------------------------------------------------------------------------------+
| NVIDIA-SMI 550.54.14              Driver Version: 550.54.14      CUDA Version: 12.4     |
|-----------------------------------------+------------------------+----------------------+
| GPU  Name                 Persistence-M | Bus-Id          Disp.A | Volatile Uncorr. ECC |
| Fan  Temp   Perf          Pwr:Usage/Cap |           Memory-Usage | GPU-Util  Compute M. |
|                                         |                        |               MIG M. |
|=========================================+========================+======================|
|   0  NVIDIA A100-SXM4-80GB          Off |   00000000:01:00.0 Off |                   On |
| N/A   34C    P0            100W /  500W |     643MiB /  81920MiB |     N/A      Default |
|                                         |                        |              Enabled |
+-----------------------------------------+------------------------+----------------------+
|   1  NVIDIA A100-SXM4-80GB          Off |   00000000:41:00.0 Off |                   On |
| N/A   28C    P0             75W /  500W |    2075MiB /  81920MiB |     N/A      Default |
|                                         |                        |              Enabled |
+-----------------------------------------+------------------------+----------------------+
|   2  NVIDIA A100-SXM4-80GB          Off |   00000000:81:00.0 Off |                   On |
| N/A   30C    P0             53W /  500W |      87MiB /  81920MiB |     N/A      Default |
|                                         |                        |              Enabled |
+-----------------------------------------+------------------------+----------------------+
|   3  NVIDIA A100-SXM4-80GB          Off |   00000000:C1:00.0 Off |                   On |
| N/A   26C    P0             50W /  500W |      87MiB /  81920MiB |     N/A      Default |
|                                         |                        |              Enabled |
+-----------------------------------------+------------------------+----------------------+

+-----------------------------------------------------------------------------------------+
| MIG devices:                                                                            |
+------------------+----------------------------------+-----------+-----------------------+
| GPU  GI  CI  MIG |                     Memory-Usage |        Vol|      Shared           |
|      ID  ID  Dev |                       BAR1-Usage | SM     Unc| CE ENC DEC OFA JPG    |
|                  |                                  |        ECC|                       |
|==================+==================================+===========+=======================|
|  0    3   0   0  |              25MiB / 19968MiB    | 28      0 |  2   0    1    0    0 |
|                  |                 0MiB / 32767MiB  |           |                       |
+------------------+----------------------------------+-----------+-----------------------+
|  2    3   0   0  |              25MiB / 19968MiB    | 28      0 |  2   0    1    0    0 |
|                  |                 0MiB / 32767MiB  |           |                       |
+------------------+----------------------------------+-----------+-----------------------+
                                                                                         
+-----------------------------------------------------------------------------------------+
| Processes:                                                                              |
|  GPU   GI   CI        PID   Type   Process name                              GPU Memory |
|        ID   ID                                                               Usage      |
|=========================================================================================|
|    1    3    0    3833227      C   namd3                                         270MiB |
|    1    6    0    3835655      C   python                                       1702MiB |
+-----------------------------------------------------------------------------------------+
Total num of triangles: 12
Total num of particles: 17870


Number of total active devices: 1
User-specified X-dimension range: [0, 3]
User-specified Y-dimension range: [0, 3]
User-specified Z-dimension range: [0, 3]
User-specified dimensions should NOT be larger than the following simulation world.
The dimension of the simulation world: 3.5999999046325684, 3.5999999046325684, 7.1999998092651367
Simulation world X range: [-0.3, 3.3]
Simulation world Y range: [-0.3, 3.3]
Simulation world Z range: [-0.3, 6.9]
The length unit in this simulation is: 2.6193446717170943e-11
The edge length of a voxel: 1.7166137240565149e-06
The initial time step size: 1e-07
The initial edge length of a bin: 0.042949673600000023
The initial number of bins: 1185408
The total number of clumps: 17870
The combined number of component spheres: 17870
The total number of analytical objects: 2
The total number of meshes: 1
Grand total number of owners: 17873
The number of material types: 2
History-based Hertzian contact model is in use.
The solver to set to adaptively change the contact margin size.


Output at 20 FPS
Frame: 0

~~ kT--dT CO-OP STATISTICS ~~
Number of steps dynamic executed: 500001
Number of updates dynamic gets: 26292
Number of updates kinematic gets: 26292
Average steps per dynamic update: 19.01723
Average steps contact detection lags behind: 38.03358
Number of times dynamic held back: 2784
-----------------------------
Frame: 1

~~ kT--dT CO-OP STATISTICS ~~
Number of steps dynamic executed: 1000002
Number of updates dynamic gets: 51619
Number of updates kinematic gets: 51619
Average steps per dynamic update: 19.37275
Average steps contact detection lags behind: 38.74414
Number of times dynamic held back: 5356
-----------------------------
Frame: 2

~~ kT--dT CO-OP STATISTICS ~~
Number of steps dynamic executed: 1500003
Number of updates dynamic gets: 75082
Number of updates kinematic gets: 75082
Average steps per dynamic update: 19.9782
Average steps contact detection lags behind: 39.95505
Number of times dynamic held back: 7738
-----------------------------
Frame: 3

~~ kT--dT CO-OP STATISTICS ~~
Number of steps dynamic executed: 2000004
Number of updates dynamic gets: 101373
Number of updates kinematic gets: 101373
Average steps per dynamic update: 19.72916
Average steps contact detection lags behind: 39.45693
Number of times dynamic held back: 9920
-----------------------------
Frame: 4

~~ kT--dT CO-OP STATISTICS ~~
Number of steps dynamic executed: 2500005
Number of updates dynamic gets: 125922
Number of updates kinematic gets: 125922
Average steps per dynamic update: 19.8536
Average steps contact detection lags behind: 39.70583
Number of times dynamic held back: 12348
-----------------------------
Frame: 5

~~ kT--dT CO-OP STATISTICS ~~
Number of steps dynamic executed: 3000006
Number of updates dynamic gets: 153209
Number of updates kinematic gets: 153209
Average steps per dynamic update: 19.58113
Average steps contact detection lags behind: 39.16097
Number of times dynamic held back: 14801
-----------------------------
Frame: 6

~~ kT--dT CO-OP STATISTICS ~~
Number of steps dynamic executed: 3500007
Number of updates dynamic gets: 180018
Number of updates kinematic gets: 180018
Average steps per dynamic update: 19.44254
Average steps contact detection lags behind: 38.88384
Number of times dynamic held back: 17372
-----------------------------
Frame: 7

~~ kT--dT CO-OP STATISTICS ~~
Number of steps dynamic executed: 4000008
Number of updates dynamic gets: 207430
Number of updates kinematic gets: 207430
Average steps per dynamic update: 19.28365
Average steps contact detection lags behind: 38.56596
Number of times dynamic held back: 20118
-----------------------------
Frame: 8

~~ kT--dT CO-OP STATISTICS ~~
Number of steps dynamic executed: 4500009
Number of updates dynamic gets: 234343
Number of updates kinematic gets: 234343
Average steps per dynamic update: 19.20266
Average steps contact detection lags behind: 38.4039
Number of times dynamic held back: 22608
-----------------------------
Frame: 9

~~ kT--dT CO-OP STATISTICS ~~
Number of steps dynamic executed: 5000010
Number of updates dynamic gets: 262188
Number of updates kinematic gets: 262188
Average steps per dynamic update: 19.07032
Average steps contact detection lags behind: 38.13918
Number of times dynamic held back: 25058
-----------------------------
Frame: 10

~~ kT--dT CO-OP STATISTICS ~~
Number of steps dynamic executed: 5500011
Number of updates dynamic gets: 290020
Number of updates kinematic gets: 290020
Average steps per dynamic update: 18.96425
Average steps contact detection lags behind: 37.92709
Number of times dynamic held back: 27515
-----------------------------
Frame: 11

~~ kT--dT CO-OP STATISTICS ~~
Number of steps dynamic executed: 6000012
Number of updates dynamic gets: 317108
Number of updates kinematic gets: 317108
Average steps per dynamic update: 18.92104
Average steps contact detection lags behind: 37.84067
Number of times dynamic held back: 30539
-----------------------------
Frame: 12

~~ kT--dT CO-OP STATISTICS ~~
Number of steps dynamic executed: 6500013
Number of updates dynamic gets: 343394
Number of updates kinematic gets: 343394
Average steps per dynamic update: 18.92873
Average steps contact detection lags behind: 37.85604
Number of times dynamic held back: 33514
-----------------------------
Frame: 13

~~ kT--dT CO-OP STATISTICS ~~
Number of steps dynamic executed: 7000014
Number of updates dynamic gets: 369299
Number of updates kinematic gets: 369299
Average steps per dynamic update: 18.95487
Average steps contact detection lags behind: 37.90836
Number of times dynamic held back: 36138
-----------------------------
Frame: 14

~~ kT--dT CO-OP STATISTICS ~~
Number of steps dynamic executed: 7500015
Number of updates dynamic gets: 397523
Number of updates kinematic gets: 397523
Average steps per dynamic update: 18.86687
Average steps contact detection lags behind: 37.73238
Number of times dynamic held back: 38430
-----------------------------
Frame: 15

~~ kT--dT CO-OP STATISTICS ~~
Number of steps dynamic executed: 8000016
Number of updates dynamic gets: 425233
Number of updates kinematic gets: 425233
Average steps per dynamic update: 18.81325
Average steps contact detection lags behind: 37.62516
Number of times dynamic held back: 41041
-----------------------------
Frame: 16

~~ kT--dT CO-OP STATISTICS ~~
Number of steps dynamic executed: 8500017
Number of updates dynamic gets: 452754
Number of updates kinematic gets: 452754
Average steps per dynamic update: 18.77403
Average steps contact detection lags behind: 37.54671
Number of times dynamic held back: 43616
-----------------------------
Frame: 17

~~ kT--dT CO-OP STATISTICS ~~
Number of steps dynamic executed: 9000018
Number of updates dynamic gets: 481010
Number of updates kinematic gets: 481010
Average steps per dynamic update: 18.71067
Average steps contact detection lags behind: 37.41997
Number of times dynamic held back: 46127
-----------------------------
Frame: 18

~~ kT--dT CO-OP STATISTICS ~~
Number of steps dynamic executed: 9500019
Number of updates dynamic gets: 508132
Number of updates kinematic gets: 508132
Average steps per dynamic update: 18.69597
Average steps contact detection lags behind: 37.39058
Number of times dynamic held back: 48715
-----------------------------
Frame: 19

~~ kT--dT CO-OP STATISTICS ~~
Number of steps dynamic executed: 10000020
Number of updates dynamic gets: 536028
Number of updates kinematic gets: 536028
Average steps per dynamic update: 18.65578
Average steps contact detection lags behind: 37.31021
Number of times dynamic held back: 51295
-----------------------------
Frame: 20

~~ kT--dT CO-OP STATISTICS ~~
Number of steps dynamic executed: 10500021
Number of updates dynamic gets: 564091
Number of updates kinematic gets: 564091
Average steps per dynamic update: 18.61406
Average steps contact detection lags behind: 37.22677
Number of times dynamic held back: 53793
-----------------------------
Frame: 21

~~ kT--dT CO-OP STATISTICS ~~
Number of steps dynamic executed: 11000022
Number of updates dynamic gets: 591489
Number of updates kinematic gets: 591489
Average steps per dynamic update: 18.59717
Average steps contact detection lags behind: 37.19298
Number of times dynamic held back: 56338
-----------------------------
Frame: 22

~~ kT--dT CO-OP STATISTICS ~~
Number of steps dynamic executed: 11500023
Number of updates dynamic gets: 619594
Number of updates kinematic gets: 619594
Average steps per dynamic update: 18.56058
Average steps contact detection lags behind: 37.11981
Number of times dynamic held back: 58774
-----------------------------
Frame: 23

~~ kT--dT CO-OP STATISTICS ~~
Number of steps dynamic executed: 12000024
Number of updates dynamic gets: 646621
Number of updates kinematic gets: 646621
Average steps per dynamic update: 18.55805
Average steps contact detection lags behind: 37.11474
Number of times dynamic held back: 61191
-----------------------------
Frame: 24

~~ kT--dT CO-OP STATISTICS ~~
Number of steps dynamic executed: 12500025
Number of updates dynamic gets: 674142
Number of updates kinematic gets: 674142
Average steps per dynamic update: 18.54212
Average steps contact detection lags behind: 37.08289
Number of times dynamic held back: 63684
-----------------------------
Frame: 25

~~ kT--dT CO-OP STATISTICS ~~
Number of steps dynamic executed: 13000026
Number of updates dynamic gets: 700745
Number of updates kinematic gets: 700745
Average steps per dynamic update: 18.55172
Average steps contact detection lags behind: 37.1021
Number of times dynamic held back: 66172
-----------------------------
Frame: 26

~~ kT--dT CO-OP STATISTICS ~~
Number of steps dynamic executed: 13500027
Number of updates dynamic gets: 727669
Number of updates kinematic gets: 727669
Average steps per dynamic update: 18.55243
Average steps contact detection lags behind: 37.10351
Number of times dynamic held back: 68398
-----------------------------
Frame: 27

~~ kT--dT CO-OP STATISTICS ~~
Number of steps dynamic executed: 14000028
Number of updates dynamic gets: 755097
Number of updates kinematic gets: 755097
Average steps per dynamic update: 18.5407
Average steps contact detection lags behind: 37.08007
Number of times dynamic held back: 70754
-----------------------------
Frame: 28

~~ kT--dT CO-OP STATISTICS ~~
Number of steps dynamic executed: 14500029
Number of updates dynamic gets: 782866
Number of updates kinematic gets: 782866
Average steps per dynamic update: 18.52173
Average steps contact detection lags behind: 37.04211
Number of times dynamic held back: 73191
-----------------------------
Frame: 29

~~ kT--dT CO-OP STATISTICS ~~
Number of steps dynamic executed: 15000030
Number of updates dynamic gets: 810646
Number of updates kinematic gets: 810646
Average steps per dynamic update: 18.5038
Average steps contact detection lags behind: 37.00628
Number of times dynamic held back: 75982
-----------------------------
Frame: 30

~~ kT--dT CO-OP STATISTICS ~~
Number of steps dynamic executed: 15500031
Number of updates dynamic gets: 837531
Number of updates kinematic gets: 837531
Average steps per dynamic update: 18.50681
Average steps contact detection lags behind: 37.01231
Number of times dynamic held back: 78441
-----------------------------
Frame: 31

~~ kT--dT CO-OP STATISTICS ~~
Number of steps dynamic executed: 16000032
Number of updates dynamic gets: 865009
Number of updates kinematic gets: 865009
Average steps per dynamic update: 18.49695
Average steps contact detection lags behind: 36.99261
Number of times dynamic held back: 80855
-----------------------------
Frame: 32

~~ kT--dT CO-OP STATISTICS ~~
Number of steps dynamic executed: 16500033
Number of updates dynamic gets: 892599
Number of updates kinematic gets: 892599
Average steps per dynamic update: 18.48538
Average steps contact detection lags behind: 36.96945
Number of times dynamic held back: 83323
-----------------------------
Frame: 33

~~ kT--dT CO-OP STATISTICS ~~
Number of steps dynamic executed: 17000034
Number of updates dynamic gets: 920694
Number of updates kinematic gets: 920694
Average steps per dynamic update: 18.46437
Average steps contact detection lags behind: 36.92743
Number of times dynamic held back: 85671
-----------------------------
Frame: 34

~~ kT--dT CO-OP STATISTICS ~~
Number of steps dynamic executed: 17500035
Number of updates dynamic gets: 947454
Number of updates kinematic gets: 947454
Average steps per dynamic update: 18.47059
Average steps contact detection lags behind: 36.93984
Number of times dynamic held back: 88344
-----------------------------
Frame: 35

~~ kT--dT CO-OP STATISTICS ~~
Number of steps dynamic executed: 18000036
Number of updates dynamic gets: 974999
Number of updates kinematic gets: 974999
Average steps per dynamic update: 18.46159
Average steps contact detection lags behind: 36.92184
Number of times dynamic held back: 90752
-----------------------------
Frame: 36

~~ kT--dT CO-OP STATISTICS ~~
Number of steps dynamic executed: 18500037
Number of updates dynamic gets: 1002569
Number of updates kinematic gets: 1002569
Average steps per dynamic update: 18.45263
Average steps contact detection lags behind: 36.90391
Number of times dynamic held back: 93268
-----------------------------
Frame: 37

~~ kT--dT CO-OP STATISTICS ~~
Number of steps dynamic executed: 19000038
Number of updates dynamic gets: 1027547
Number of updates kinematic gets: 1027547
Average steps per dynamic update: 18.49068
Average steps contact detection lags behind: 36.98
Number of times dynamic held back: 95857
-----------------------------
Frame: 38

~~ kT--dT CO-OP STATISTICS ~~
Number of steps dynamic executed: 19500039
Number of updates dynamic gets: 1054355
Number of updates kinematic gets: 1054355
Average steps per dynamic update: 18.49476
Average steps contact detection lags behind: 36.98817
Number of times dynamic held back: 98207
-----------------------------
Frame: 39

~~ kT--dT CO-OP STATISTICS ~~
Number of steps dynamic executed: 20000040
Number of updates dynamic gets: 1081782
Number of updates kinematic gets: 1081782
Average steps per dynamic update: 18.48805
Average steps contact detection lags behind: 36.97476
Number of times dynamic held back: 100671
-----------------------------
Frame: 40

~~ kT--dT CO-OP STATISTICS ~~
Number of steps dynamic executed: 20500041
Number of updates dynamic gets: 1108682
Number of updates kinematic gets: 1108682
Average steps per dynamic update: 18.49046
Average steps contact detection lags behind: 36.97957
Number of times dynamic held back: 103246
-----------------------------
Frame: 41

~~ kT--dT CO-OP STATISTICS ~~
Number of steps dynamic executed: 21000042
Number of updates dynamic gets: 1136225
Number of updates kinematic gets: 1136225
Average steps per dynamic update: 18.48229
Average steps contact detection lags behind: 36.96323
Number of times dynamic held back: 105711
-----------------------------
Frame: 42

~~ kT--dT CO-OP STATISTICS ~~
Number of steps dynamic executed: 21500043
Number of updates dynamic gets: 1162955
Number of updates kinematic gets: 1162955
Average steps per dynamic update: 18.48742
Average steps contact detection lags behind: 36.97345
Number of times dynamic held back: 108620
-----------------------------
Frame: 43

~~ kT--dT CO-OP STATISTICS ~~
Number of steps dynamic executed: 22000044
Number of updates dynamic gets: 1190685
Number of updates kinematic gets: 1190685
Average steps per dynamic update: 18.4768
Average steps contact detection lags behind: 36.9522
Number of times dynamic held back: 111275
-----------------------------
Frame: 44

~~ kT--dT CO-OP STATISTICS ~~
Number of steps dynamic executed: 22500045
Number of updates dynamic gets: 1215449
Number of updates kinematic gets: 1215449
Average steps per dynamic update: 18.51171
Average steps contact detection lags behind: 37.02202
Number of times dynamic held back: 113908
-----------------------------
Frame: 45

~~ kT--dT CO-OP STATISTICS ~~
Number of steps dynamic executed: 23000046
Number of updates dynamic gets: 1243464
Number of updates kinematic gets: 1243464
Average steps per dynamic update: 18.49675
Average steps contact detection lags behind: 36.99209
Number of times dynamic held back: 116329
-----------------------------
Frame: 46

~~ kT--dT CO-OP STATISTICS ~~
Number of steps dynamic executed: 23500047
Number of updates dynamic gets: 1270824
Number of updates kinematic gets: 1270824
Average steps per dynamic update: 18.49198
Average steps contact detection lags behind: 36.98254
Number of times dynamic held back: 118931
-----------------------------
Frame: 47

~~ kT--dT CO-OP STATISTICS ~~
Number of steps dynamic executed: 24000048
Number of updates dynamic gets: 1299018
Number of updates kinematic gets: 1299018
Average steps per dynamic update: 18.47553
Average steps contact detection lags behind: 36.94966
Number of times dynamic held back: 121266
-----------------------------
Frame: 48

~~ kT--dT CO-OP STATISTICS ~~
Number of steps dynamic executed: 24500049
Number of updates dynamic gets: 1325544
Number of updates kinematic gets: 1325544
Average steps per dynamic update: 18.48301
Average steps contact detection lags behind: 36.96461
Number of times dynamic held back: 123796
-----------------------------
Frame: 49

~~ kT--dT CO-OP STATISTICS ~~
Number of steps dynamic executed: 25000050
Number of updates dynamic gets: 1352361
Number of updates kinematic gets: 1352361
Average steps per dynamic update: 18.48623
Average steps contact detection lags behind: 36.97103
Number of times dynamic held back: 126211
-----------------------------
Frame: 50

~~ kT--dT CO-OP STATISTICS ~~
Number of steps dynamic executed: 25500051
Number of updates dynamic gets: 1378839
Number of updates kinematic gets: 1378839
Average steps per dynamic update: 18.49386
Average steps contact detection lags behind: 36.98629
Number of times dynamic held back: 128545
-----------------------------
Frame: 51

~~ kT--dT CO-OP STATISTICS ~~
Number of steps dynamic executed: 26000052
Number of updates dynamic gets: 1403404
Number of updates kinematic gets: 1403404
Average steps per dynamic update: 18.52642
Average steps contact detection lags behind: 37.05143
Number of times dynamic held back: 130932
-----------------------------
Frame: 52

~~ kT--dT CO-OP STATISTICS ~~
Number of steps dynamic executed: 26500053
Number of updates dynamic gets: 1429617
Number of updates kinematic gets: 1429617
Average steps per dynamic update: 18.53647
Average steps contact detection lags behind: 37.07153
Number of times dynamic held back: 133296
-----------------------------
Frame: 53

~~ kT--dT CO-OP STATISTICS ~~
Number of steps dynamic executed: 27000054
Number of updates dynamic gets: 1455864
Number of updates kinematic gets: 1455864
Average steps per dynamic update: 18.54573
Average steps contact detection lags behind: 37.09004
Number of times dynamic held back: 135651
-----------------------------
Frame: 54

~~ kT--dT CO-OP STATISTICS ~~
Number of steps dynamic executed: 27500055
Number of updates dynamic gets: 1478992
Number of updates kinematic gets: 1478992
Average steps per dynamic update: 18.59378
Average steps contact detection lags behind: 37.18615
Number of times dynamic held back: 138094
-----------------------------
Frame: 55

~~ kT--dT CO-OP STATISTICS ~~
Number of steps dynamic executed: 28000056
Number of updates dynamic gets: 1505756
Number of updates kinematic gets: 1505756
Average steps per dynamic update: 18.59535
Average steps contact detection lags behind: 37.18928
Number of times dynamic held back: 140277
-----------------------------
Frame: 56

~~ kT--dT CO-OP STATISTICS ~~
Number of steps dynamic executed: 28500057
Number of updates dynamic gets: 1532582
Number of updates kinematic gets: 1532582
Average steps per dynamic update: 18.59611
Average steps contact detection lags behind: 37.19078
Number of times dynamic held back: 142729
-----------------------------
Frame: 57

~~ kT--dT CO-OP STATISTICS ~~
Number of steps dynamic executed: 29000058
Number of updates dynamic gets: 1559803
Number of updates kinematic gets: 1559803
Average steps per dynamic update: 18.59213
Average steps contact detection lags behind: 37.18283
Number of times dynamic held back: 145411
-----------------------------
Frame: 58

~~ kT--dT CO-OP STATISTICS ~~
Number of steps dynamic executed: 29500059
Number of updates dynamic gets: 1587088
Number of updates kinematic gets: 1587088
Average steps per dynamic update: 18.58754
Average steps contact detection lags behind: 37.17364
Number of times dynamic held back: 147980
-----------------------------
Frame: 59

~~ kT--dT CO-OP STATISTICS ~~
Number of steps dynamic executed: 30000060
Number of updates dynamic gets: 1613197
Number of updates kinematic gets: 1613197
Average steps per dynamic update: 18.59665
Average steps contact detection lags behind: 37.19186
Number of times dynamic held back: 150667
-----------------------------
Frame: 60

~~ kT--dT CO-OP STATISTICS ~~
Number of steps dynamic executed: 30500061
Number of updates dynamic gets: 1641002
Number of updates kinematic gets: 1641002
Average steps per dynamic update: 18.58624
Average steps contact detection lags behind: 37.17105
Number of times dynamic held back: 153181
-----------------------------
Frame: 61

~~ kT--dT CO-OP STATISTICS ~~
Number of steps dynamic executed: 31000062
Number of updates dynamic gets: 1668073
Number of updates kinematic gets: 1668073
Average steps per dynamic update: 18.58436
Average steps contact detection lags behind: 37.16726
Number of times dynamic held back: 155768
-----------------------------
Frame: 62

~~ kT--dT CO-OP STATISTICS ~~
Number of steps dynamic executed: 31500063
Number of updates dynamic gets: 1695228
Number of updates kinematic gets: 1695228
Average steps per dynamic update: 18.58161
Average steps contact detection lags behind: 37.16177
Number of times dynamic held back: 158284
-----------------------------
Frame: 63

~~ kT--dT CO-OP STATISTICS ~~
Number of steps dynamic executed: 32000064
Number of updates dynamic gets: 1721967
Number of updates kinematic gets: 1721967
Average steps per dynamic update: 18.58344
Average steps contact detection lags behind: 37.1654
Number of times dynamic held back: 160727
-----------------------------
Frame: 64

~~ kT--dT CO-OP STATISTICS ~~
Number of steps dynamic executed: 32500065
Number of updates dynamic gets: 1747565
Number of updates kinematic gets: 1747565
Average steps per dynamic update: 18.59734
Average steps contact detection lags behind: 37.19321
Number of times dynamic held back: 163088
-----------------------------
Frame: 65

~~ kT--dT CO-OP STATISTICS ~~
Number of steps dynamic executed: 33000066
Number of updates dynamic gets: 1773997
Number of updates kinematic gets: 1773997
Average steps per dynamic update: 18.6021
Average steps contact detection lags behind: 37.20271
Number of times dynamic held back: 165496
-----------------------------
Frame: 66

~~ kT--dT CO-OP STATISTICS ~~
Number of steps dynamic executed: 33500067
Number of updates dynamic gets: 1801494
Number of updates kinematic gets: 1801494
Average steps per dynamic update: 18.59571
Average steps contact detection lags behind: 37.18994
Number of times dynamic held back: 167797
-----------------------------
Frame: 67

~~ kT--dT CO-OP STATISTICS ~~
Number of steps dynamic executed: 34000068
Number of updates dynamic gets: 1826920
Number of updates kinematic gets: 1826920
Average steps per dynamic update: 18.61059
Average steps contact detection lags behind: 37.2197
Number of times dynamic held back: 170299
-----------------------------
Frame: 68

~~ kT--dT CO-OP STATISTICS ~~
Number of steps dynamic executed: 34500069
Number of updates dynamic gets: 1853967
Number of updates kinematic gets: 1853967
Average steps per dynamic update: 18.60878
Average steps contact detection lags behind: 37.21608
Number of times dynamic held back: 172694
-----------------------------
Frame: 69

~~ kT--dT CO-OP STATISTICS ~~
Number of steps dynamic executed: 35000070
Number of updates dynamic gets: 1881459
Number of updates kinematic gets: 1881459
Average steps per dynamic update: 18.60262
Average steps contact detection lags behind: 37.20376
Number of times dynamic held back: 175036
-----------------------------
Frame: 70

~~ kT--dT CO-OP STATISTICS ~~
Number of steps dynamic executed: 35500071
Number of updates dynamic gets: 1908894
Number of updates kinematic gets: 1908894
Average steps per dynamic update: 18.59719
Average steps contact detection lags behind: 37.1929
Number of times dynamic held back: 177505
-----------------------------
Frame: 71

~~ kT--dT CO-OP STATISTICS ~~
Number of steps dynamic executed: 36000072
Number of updates dynamic gets: 1935602
Number of updates kinematic gets: 1935602
Average steps per dynamic update: 18.5989
Average steps contact detection lags behind: 37.19632
Number of times dynamic held back: 179900
-----------------------------
Frame: 72

~~ kT--dT CO-OP STATISTICS ~~
Number of steps dynamic executed: 36500073
Number of updates dynamic gets: 1962372
Number of updates kinematic gets: 1962372
Average steps per dynamic update: 18.59998
Average steps contact detection lags behind: 37.19846
Number of times dynamic held back: 182477
-----------------------------
Frame: 73

~~ kT--dT CO-OP STATISTICS ~~
Number of steps dynamic executed: 37000074
Number of updates dynamic gets: 1984731
Number of updates kinematic gets: 1984731
Average steps per dynamic update: 18.64236
Average steps contact detection lags behind: 37.28322
Number of times dynamic held back: 184749
-----------------------------
Frame: 74

~~ kT--dT CO-OP STATISTICS ~~
Number of steps dynamic executed: 37500075
Number of updates dynamic gets: 2011540
Number of updates kinematic gets: 2011540
Average steps per dynamic update: 18.64247
Average steps contact detection lags behind: 37.28344
Number of times dynamic held back: 187269
-----------------------------
Frame: 75

~~ kT--dT CO-OP STATISTICS ~~
Number of steps dynamic executed: 38000076
Number of updates dynamic gets: 2038489
Number of updates kinematic gets: 2038489
Average steps per dynamic update: 18.6413
Average steps contact detection lags behind: 37.28109
Number of times dynamic held back: 189672
-----------------------------
Frame: 76

~~ kT--dT CO-OP STATISTICS ~~
Number of steps dynamic executed: 38500077
Number of updates dynamic gets: 2065772
Number of updates kinematic gets: 2065772
Average steps per dynamic update: 18.63714
Average steps contact detection lags behind: 37.27277
Number of times dynamic held back: 192015
-----------------------------
Frame: 77

~~ kT--dT CO-OP STATISTICS ~~
Number of steps dynamic executed: 39000078
Number of updates dynamic gets: 2093142
Number of updates kinematic gets: 2093142
Average steps per dynamic update: 18.63231
Average steps contact detection lags behind: 37.26312
Number of times dynamic held back: 194975
-----------------------------
Frame: 78

~~ kT--dT CO-OP STATISTICS ~~
Number of steps dynamic executed: 39500079
Number of updates dynamic gets: 2121337
Number of updates kinematic gets: 2121337
Average steps per dynamic update: 18.62037
Average steps contact detection lags behind: 37.23923
Number of times dynamic held back: 197641
-----------------------------
Frame: 79

~~ kT--dT CO-OP STATISTICS ~~
Number of steps dynamic executed: 40000080
Number of updates dynamic gets: 2149368
Number of updates kinematic gets: 2149368
Average steps per dynamic update: 18.61016
Average steps contact detection lags behind: 37.21881
Number of times dynamic held back: 199928
-----------------------------
Frame: 80

~~ kT--dT CO-OP STATISTICS ~~
Number of steps dynamic executed: 40500081
Number of updates dynamic gets: 2176975
Number of updates kinematic gets: 2176975
Average steps per dynamic update: 18.60383
Average steps contact detection lags behind: 37.20616
Number of times dynamic held back: 202726
-----------------------------
Frame: 81

~~ kT--dT CO-OP STATISTICS ~~
Number of steps dynamic executed: 41000082
Number of updates dynamic gets: 2202424
Number of updates kinematic gets: 2202424
Average steps per dynamic update: 18.61589
Average steps contact detection lags behind: 37.23027
Number of times dynamic held back: 205339
-----------------------------
Frame: 82

~~ kT--dT CO-OP STATISTICS ~~
Number of steps dynamic executed: 41500083
Number of updates dynamic gets: 2229100
Number of updates kinematic gets: 2229100
Average steps per dynamic update: 18.61742
Average steps contact detection lags behind: 37.23333
Number of times dynamic held back: 207755
-----------------------------
Frame: 83

~~ kT--dT CO-OP STATISTICS ~~
Number of steps dynamic executed: 42000084
Number of updates dynamic gets: 2256360
Number of updates kinematic gets: 2256360
Average steps per dynamic update: 18.61409
Average steps contact detection lags behind: 37.22668
Number of times dynamic held back: 210390
-----------------------------
Frame: 84

~~ kT--dT CO-OP STATISTICS ~~
Number of steps dynamic executed: 42500085
Number of updates dynamic gets: 2283246
Number of updates kinematic gets: 2283246
Average steps per dynamic update: 18.61389
Average steps contact detection lags behind: 37.22627
Number of times dynamic held back: 212790
-----------------------------
Frame: 85

~~ kT--dT CO-OP STATISTICS ~~
Number of steps dynamic executed: 43000086
Number of updates dynamic gets: 2310456
Number of updates kinematic gets: 2310456
Average steps per dynamic update: 18.61108
Average steps contact detection lags behind: 37.22067
Number of times dynamic held back: 215312
-----------------------------
Frame: 86

~~ kT--dT CO-OP STATISTICS ~~
Number of steps dynamic executed: 43500087
Number of updates dynamic gets: 2337539
Number of updates kinematic gets: 2337539
Average steps per dynamic update: 18.60935
Average steps contact detection lags behind: 37.21722
Number of times dynamic held back: 217831
-----------------------------
Frame: 87

~~ kT--dT CO-OP STATISTICS ~~
Number of steps dynamic executed: 44000088
Number of updates dynamic gets: 2365578
Number of updates kinematic gets: 2365578
Average steps per dynamic update: 18.60014
Average steps contact detection lags behind: 37.1988
Number of times dynamic held back: 220311
-----------------------------
Frame: 88

~~ kT--dT CO-OP STATISTICS ~~
Number of steps dynamic executed: 44500089
Number of updates dynamic gets: 2393238
Number of updates kinematic gets: 2393238
Average steps per dynamic update: 18.59409
Average steps contact detection lags behind: 37.18671
Number of times dynamic held back: 222979
-----------------------------
Frame: 89

~~ kT--dT CO-OP STATISTICS ~~
Number of steps dynamic executed: 45000090
Number of updates dynamic gets: 2421309
Number of updates kinematic gets: 2421309
Average steps per dynamic update: 18.58503
Average steps contact detection lags behind: 37.16857
Number of times dynamic held back: 225558
-----------------------------
Frame: 90

~~ kT--dT CO-OP STATISTICS ~~
Number of steps dynamic executed: 45500091
Number of updates dynamic gets: 2447784
Number of updates kinematic gets: 2447784
Average steps per dynamic update: 18.58828
Average steps contact detection lags behind: 37.17508
Number of times dynamic held back: 228327
-----------------------------
Frame: 91

~~ kT--dT CO-OP STATISTICS ~~
Number of steps dynamic executed: 46000092
Number of updates dynamic gets: 2475359
Number of updates kinematic gets: 2475359
Average steps per dynamic update: 18.5832
Average steps contact detection lags behind: 37.16492
Number of times dynamic held back: 230661
-----------------------------
Frame: 92

~~ kT--dT CO-OP STATISTICS ~~
Number of steps dynamic executed: 46500093
Number of updates dynamic gets: 2502148
Number of updates kinematic gets: 2502148
Average steps per dynamic update: 18.58407
Average steps contact detection lags behind: 37.16667
Number of times dynamic held back: 233144
-----------------------------
Frame: 93

~~ kT--dT CO-OP STATISTICS ~~
Number of steps dynamic executed: 47000094
Number of updates dynamic gets: 2528717
Number of updates kinematic gets: 2528717
Average steps per dynamic update: 18.58654
Average steps contact detection lags behind: 37.1716
Number of times dynamic held back: 235731
-----------------------------
Frame: 94

~~ kT--dT CO-OP STATISTICS ~~
Number of steps dynamic executed: 47500095
Number of updates dynamic gets: 2555987
Number of updates kinematic gets: 2555987
Average steps per dynamic update: 18.58386
Average steps contact detection lags behind: 37.16624
Number of times dynamic held back: 238621
-----------------------------
Frame: 95

~~ kT--dT CO-OP STATISTICS ~~
Number of steps dynamic executed: 48000096
Number of updates dynamic gets: 2580180
Number of updates kinematic gets: 2580180
Average steps per dynamic update: 18.60339
Average steps contact detection lags behind: 37.20532
Number of times dynamic held back: 241308
-----------------------------
Frame: 96

~~ kT--dT CO-OP STATISTICS ~~
Number of steps dynamic executed: 48500097
Number of updates dynamic gets: 2607837
Number of updates kinematic gets: 2607837
Average steps per dynamic update: 18.59783
Average steps contact detection lags behind: 37.19419
Number of times dynamic held back: 243575
-----------------------------
Frame: 97

~~ kT--dT CO-OP STATISTICS ~~
Number of steps dynamic executed: 49000098
Number of updates dynamic gets: 2634372
Number of updates kinematic gets: 2634372
Average steps per dynamic update: 18.6003
Average steps contact detection lags behind: 37.19914
Number of times dynamic held back: 245859
-----------------------------
Frame: 98

~~ kT--dT CO-OP STATISTICS ~~
Number of steps dynamic executed: 49500099
Number of updates dynamic gets: 2661777
Number of updates kinematic gets: 2661777
Average steps per dynamic update: 18.59664
Average steps contact detection lags behind: 37.19181
Number of times dynamic held back: 248285
-----------------------------
Frame: 99

~~ kT--dT CO-OP STATISTICS ~~
Number of steps dynamic executed: 50000100
Number of updates dynamic gets: 2688431
Number of updates kinematic gets: 2688431
Average steps per dynamic update: 18.59825
Average steps contact detection lags behind: 37.19502
Number of times dynamic held back: 250798
-----------------------------
Frame: 100

~~ kT--dT CO-OP STATISTICS ~~
Number of steps dynamic executed: 50500101
Number of updates dynamic gets: 2715599
Number of updates kinematic gets: 2715599
Average steps per dynamic update: 18.5963
Average steps contact detection lags behind: 37.19114
Number of times dynamic held back: 253276
-----------------------------
Frame: 101

~~ kT--dT CO-OP STATISTICS ~~
Number of steps dynamic executed: 51000102
Number of updates dynamic gets: 2742414
Number of updates kinematic gets: 2742414
Average steps per dynamic update: 18.59679
Average steps contact detection lags behind: 37.19212
Number of times dynamic held back: 255552
-----------------------------
Frame: 102

~~ kT--dT CO-OP STATISTICS ~~
Number of steps dynamic executed: 51500103
Number of updates dynamic gets: 2770040
Number of updates kinematic gets: 2770040
Average steps per dynamic update: 18.59183
Average steps contact detection lags behind: 37.18219
Number of times dynamic held back: 258169
-----------------------------
Frame: 103

~~ kT--dT CO-OP STATISTICS ~~
Number of steps dynamic executed: 52000104
Number of updates dynamic gets: 2795838
Number of updates kinematic gets: 2795838
Average steps per dynamic update: 18.59911
Average steps contact detection lags behind: 37.19674
Number of times dynamic held back: 260922
-----------------------------
Frame: 104

~~ kT--dT CO-OP STATISTICS ~~
Number of steps dynamic executed: 52500105
Number of updates dynamic gets: 2821957
Number of updates kinematic gets: 2821957
Average steps per dynamic update: 18.60415
Average steps contact detection lags behind: 37.20681
Number of times dynamic held back: 263353
-----------------------------
Frame: 105

~~ kT--dT CO-OP STATISTICS ~~
Number of steps dynamic executed: 53000106
Number of updates dynamic gets: 2849588
Number of updates kinematic gets: 2849588
Average steps per dynamic update: 18.59922
Average steps contact detection lags behind: 37.19696
Number of times dynamic held back: 265846
-----------------------------
Frame: 106

~~ kT--dT CO-OP STATISTICS ~~
Number of steps dynamic executed: 53500107
Number of updates dynamic gets: 2875598
Number of updates kinematic gets: 2875598
Average steps per dynamic update: 18.60486
Average steps contact detection lags behind: 37.20825
Number of times dynamic held back: 268609
-----------------------------
Frame: 107

~~ kT--dT CO-OP STATISTICS ~~
Number of steps dynamic executed: 54000108
Number of updates dynamic gets: 2901418
Number of updates kinematic gets: 2901418
Average steps per dynamic update: 18.61163
Average steps contact detection lags behind: 37.22178
Number of times dynamic held back: 271157
-----------------------------
Frame: 108

~~ kT--dT CO-OP STATISTICS ~~
Number of steps dynamic executed: 54500109
Number of updates dynamic gets: 2928824
Number of updates kinematic gets: 2928824
Average steps per dynamic update: 18.60819
Average steps contact detection lags behind: 37.21491
Number of times dynamic held back: 273513
-----------------------------
Frame: 109

~~ kT--dT CO-OP STATISTICS ~~
Number of steps dynamic executed: 55000110
Number of updates dynamic gets: 2956651
Number of updates kinematic gets: 2956651
Average steps per dynamic update: 18.60217
Average steps contact detection lags behind: 37.20286
Number of times dynamic held back: 275837
-----------------------------
Frame: 110

~~ kT--dT CO-OP STATISTICS ~~
Number of steps dynamic executed: 55500111
Number of updates dynamic gets: 2982743
Number of updates kinematic gets: 2982743
Average steps per dynamic update: 18.60707
Average steps contact detection lags behind: 37.21267
Number of times dynamic held back: 278357
-----------------------------
Frame: 111

~~ kT--dT CO-OP STATISTICS ~~
Number of steps dynamic executed: 56000112
Number of updates dynamic gets: 3009366
Number of updates kinematic gets: 3009366
Average steps per dynamic update: 18.60861
Average steps contact detection lags behind: 37.21575
Number of times dynamic held back: 281060
-----------------------------
Frame: 112

~~ kT--dT CO-OP STATISTICS ~~
Number of steps dynamic executed: 56500113
Number of updates dynamic gets: 3037218
Number of updates kinematic gets: 3037218
Average steps per dynamic update: 18.60259
Average steps contact detection lags behind: 37.20371
Number of times dynamic held back: 283726
-----------------------------
Frame: 113

~~ kT--dT CO-OP STATISTICS ~~
Number of steps dynamic executed: 57000114
Number of updates dynamic gets: 3063728
Number of updates kinematic gets: 3063728
Average steps per dynamic update: 18.60482
Average steps contact detection lags behind: 37.20818
Number of times dynamic held back: 286538
-----------------------------
Frame: 114

~~ kT--dT CO-OP STATISTICS ~~
Number of steps dynamic executed: 57500115
Number of updates dynamic gets: 3087808
Number of updates kinematic gets: 3087808
Average steps per dynamic update: 18.62166
Average steps contact detection lags behind: 37.24186
Number of times dynamic held back: 289074
-----------------------------
Frame: 115

~~ kT--dT CO-OP STATISTICS ~~
Number of steps dynamic executed: 58000116
Number of updates dynamic gets: 3113820
Number of updates kinematic gets: 3113820
Average steps per dynamic update: 18.62668
Average steps contact detection lags behind: 37.25188
Number of times dynamic held back: 291404
-----------------------------
Frame: 116

~~ kT--dT CO-OP STATISTICS ~~
Number of steps dynamic executed: 58500117
Number of updates dynamic gets: 3141564
Number of updates kinematic gets: 3141564
Average steps per dynamic update: 18.62134
Average steps contact detection lags behind: 37.2412
Number of times dynamic held back: 293686
-----------------------------
Frame: 117

~~ kT--dT CO-OP STATISTICS ~~
Number of steps dynamic executed: 59000118
Number of updates dynamic gets: 3168374
Number of updates kinematic gets: 3168374
Average steps per dynamic update: 18.62158
Average steps contact detection lags behind: 37.24168
Number of times dynamic held back: 296103
-----------------------------
Frame: 118

~~ kT--dT CO-OP STATISTICS ~~
Number of steps dynamic executed: 59500119
Number of updates dynamic gets: 3194155
Number of updates kinematic gets: 3194155
Average steps per dynamic update: 18.62781
Average steps contact detection lags behind: 37.25416
Number of times dynamic held back: 298499
-----------------------------
Frame: 119

~~ kT--dT CO-OP STATISTICS ~~
Number of steps dynamic executed: 60000120
Number of updates dynamic gets: 3221659
Number of updates kinematic gets: 3221659
Average steps per dynamic update: 18.62398
Average steps contact detection lags behind: 37.2465
Number of times dynamic held back: 300812
-----------------------------
Frame: 120

~~ kT--dT CO-OP STATISTICS ~~
Number of steps dynamic executed: 60500121
Number of updates dynamic gets: 3249292
Number of updates kinematic gets: 3249292
Average steps per dynamic update: 18.61948
Average steps contact detection lags behind: 37.23749
Number of times dynamic held back: 303002
-----------------------------
Frame: 121

~~ kT--dT CO-OP STATISTICS ~~
Number of steps dynamic executed: 61000122
Number of updates dynamic gets: 3275343
Number of updates kinematic gets: 3275343
Average steps per dynamic update: 18.62404
Average steps contact detection lags behind: 37.24661
Number of times dynamic held back: 305180
-----------------------------
Frame: 122

~~ kT--dT CO-OP STATISTICS ~~
Number of steps dynamic executed: 61500123
Number of updates dynamic gets: 3302816
Number of updates kinematic gets: 3302816
Average steps per dynamic update: 18.62051
Average steps contact detection lags behind: 37.23956
Number of times dynamic held back: 307619
-----------------------------
Frame: 123

~~ kT--dT CO-OP STATISTICS ~~
Number of steps dynamic executed: 62000124
Number of updates dynamic gets: 3330035
Number of updates kinematic gets: 3330035
Average steps per dynamic update: 18.61846
Average steps contact detection lags behind: 37.23546
Number of times dynamic held back: 310556
-----------------------------
Frame: 124

~~ kT--dT CO-OP STATISTICS ~~
Number of steps dynamic executed: 62500125
Number of updates dynamic gets: 3356749
Number of updates kinematic gets: 3356749
Average steps per dynamic update: 18.61924
Average steps contact detection lags behind: 37.23702
Number of times dynamic held back: 313039
-----------------------------
Frame: 125

~~ kT--dT CO-OP STATISTICS ~~
Number of steps dynamic executed: 63000126
Number of updates dynamic gets: 3383910
Number of updates kinematic gets: 3383910
Average steps per dynamic update: 18.61755
Average steps contact detection lags behind: 37.23364
Number of times dynamic held back: 315292
-----------------------------
Frame: 126

~~ kT--dT CO-OP STATISTICS ~~
Number of steps dynamic executed: 63500127
Number of updates dynamic gets: 3411578
Number of updates kinematic gets: 3411578
Average steps per dynamic update: 18.61312
Average steps contact detection lags behind: 37.22479
Number of times dynamic held back: 317924
-----------------------------
Frame: 127

~~ kT--dT CO-OP STATISTICS ~~
Number of steps dynamic executed: 64000128
Number of updates dynamic gets: 3437786
Number of updates kinematic gets: 3437786
Average steps per dynamic update: 18.61667
Average steps contact detection lags behind: 37.23188
Number of times dynamic held back: 320325
-----------------------------
Frame: 128

~~ kT--dT CO-OP STATISTICS ~~
Number of steps dynamic executed: 64500129
Number of updates dynamic gets: 3464091
Number of updates kinematic gets: 3464091
Average steps per dynamic update: 18.61964
Average steps contact detection lags behind: 37.23778
Number of times dynamic held back: 322953
-----------------------------
Frame: 129

~~ kT--dT CO-OP STATISTICS ~~
Number of steps dynamic executed: 65000130
Number of updates dynamic gets: 3489966
Number of updates kinematic gets: 3489966
Average steps per dynamic update: 18.62486
Average steps contact detection lags behind: 37.24822
Number of times dynamic held back: 325210
-----------------------------
Frame: 130

~~ kT--dT CO-OP STATISTICS ~~
Number of steps dynamic executed: 65500131
Number of updates dynamic gets: 3517830
Number of updates kinematic gets: 3517830
Average steps per dynamic update: 18.61947
Average steps contact detection lags behind: 37.23744
Number of times dynamic held back: 327891
-----------------------------
Frame: 131

~~ kT--dT CO-OP STATISTICS ~~
Number of steps dynamic executed: 66000132
Number of updates dynamic gets: 3544832
Number of updates kinematic gets: 3544832
Average steps per dynamic update: 18.61869
Average steps contact detection lags behind: 37.23588
Number of times dynamic held back: 330528
-----------------------------
Frame: 132

~~ kT--dT CO-OP STATISTICS ~~
Number of steps dynamic executed: 66500133
Number of updates dynamic gets: 3570637
Number of updates kinematic gets: 3570637
Average steps per dynamic update: 18.62417
Average steps contact detection lags behind: 37.24683
Number of times dynamic held back: 333068
-----------------------------
Frame: 133

~~ kT--dT CO-OP STATISTICS ~~
Number of steps dynamic executed: 67000134
Number of updates dynamic gets: 3598502
Number of updates kinematic gets: 3598502
Average steps per dynamic update: 18.6189
Average steps contact detection lags behind: 37.23629
Number of times dynamic held back: 335640
-----------------------------
Frame: 134

~~ kT--dT CO-OP STATISTICS ~~
Number of steps dynamic executed: 67500135
Number of updates dynamic gets: 3623346
Number of updates kinematic gets: 3623346
Average steps per dynamic update: 18.62923
Average steps contact detection lags behind: 37.25696
Number of times dynamic held back: 338135
-----------------------------
Frame: 135

~~ kT--dT CO-OP STATISTICS ~~
Number of steps dynamic executed: 68000136
Number of updates dynamic gets: 3650666
Number of updates kinematic gets: 3650666
Average steps per dynamic update: 18.62678
Average steps contact detection lags behind: 37.25206
Number of times dynamic held back: 340536
-----------------------------
Frame: 136

~~ kT--dT CO-OP STATISTICS ~~
Number of steps dynamic executed: 68500137
Number of updates dynamic gets: 3678017
Number of updates kinematic gets: 3678017
Average steps per dynamic update: 18.6242
Average steps contact detection lags behind: 37.2469
Number of times dynamic held back: 342808
-----------------------------
Frame: 137

~~ kT--dT CO-OP STATISTICS ~~
Number of steps dynamic executed: 69000138
Number of updates dynamic gets: 3703233
Number of updates kinematic gets: 3703233
Average steps per dynamic update: 18.63241
Average steps contact detection lags behind: 37.26331
Number of times dynamic held back: 345337
-----------------------------
Frame: 138

~~ kT--dT CO-OP STATISTICS ~~
Number of steps dynamic executed: 69500139
Number of updates dynamic gets: 3729630
Number of updates kinematic gets: 3729630
Average steps per dynamic update: 18.63459
Average steps contact detection lags behind: 37.26769
Number of times dynamic held back: 347757
-----------------------------
Frame: 139

~~ kT--dT CO-OP STATISTICS ~~
Number of steps dynamic executed: 70000140
Number of updates dynamic gets: 3756464
Number of updates kinematic gets: 3756464
Average steps per dynamic update: 18.63458
Average steps contact detection lags behind: 37.26767
Number of times dynamic held back: 350177
-----------------------------
Frame: 140

~~ kT--dT CO-OP STATISTICS ~~
Number of steps dynamic executed: 70500141
Number of updates dynamic gets: 3784377
Number of updates kinematic gets: 3784377
Average steps per dynamic update: 18.62926
Average steps contact detection lags behind: 37.25703
Number of times dynamic held back: 352388
-----------------------------
Frame: 141

~~ kT--dT CO-OP STATISTICS ~~
Number of steps dynamic executed: 71000142
Number of updates dynamic gets: 3811485
Number of updates kinematic gets: 3811485
Average steps per dynamic update: 18.62795
Average steps contact detection lags behind: 37.25441
Number of times dynamic held back: 354926
-----------------------------
Frame: 142

~~ kT--dT CO-OP STATISTICS ~~
Number of steps dynamic executed: 71500143
Number of updates dynamic gets: 3837047
Number of updates kinematic gets: 3837047
Average steps per dynamic update: 18.63416
Average steps contact detection lags behind: 37.26683
Number of times dynamic held back: 357302
-----------------------------
Frame: 143

~~ kT--dT CO-OP STATISTICS ~~
Number of steps dynamic executed: 72000144
Number of updates dynamic gets: 3864339
Number of updates kinematic gets: 3864339
Average steps per dynamic update: 18.63194
Average steps contact detection lags behind: 37.26239
Number of times dynamic held back: 359630
-----------------------------
Frame: 144

~~ kT--dT CO-OP STATISTICS ~~
Number of steps dynamic executed: 72500145
Number of updates dynamic gets: 3891787
Number of updates kinematic gets: 3891787
Average steps per dynamic update: 18.62901
Average steps contact detection lags behind: 37.25653
Number of times dynamic held back: 362237
-----------------------------
Frame: 145

~~ kT--dT CO-OP STATISTICS ~~
Number of steps dynamic executed: 73000146
Number of updates dynamic gets: 3919735
Number of updates kinematic gets: 3919735
Average steps per dynamic update: 18.62375
Average steps contact detection lags behind: 37.24599
Number of times dynamic held back: 364729
-----------------------------
Frame: 146

~~ kT--dT CO-OP STATISTICS ~~
Number of steps dynamic executed: 73500147
Number of updates dynamic gets: 3947716
Number of updates kinematic gets: 3947716
Average steps per dynamic update: 18.6184
Average steps contact detection lags behind: 37.2353
Number of times dynamic held back: 367292
-----------------------------
Frame: 147

~~ kT--dT CO-OP STATISTICS ~~
Number of steps dynamic executed: 74000148
Number of updates dynamic gets: 3975113
Number of updates kinematic gets: 3975113
Average steps per dynamic update: 18.61586
Average steps contact detection lags behind: 37.23023
Number of times dynamic held back: 369731
-----------------------------
Frame: 148

~~ kT--dT CO-OP STATISTICS ~~
Number of steps dynamic executed: 74500149
Number of updates dynamic gets: 4000913
Number of updates kinematic gets: 4000913
Average steps per dynamic update: 18.62079
Average steps contact detection lags behind: 37.24008
Number of times dynamic held back: 372365
-----------------------------
Frame: 149

~~ kT--dT CO-OP STATISTICS ~~
Number of steps dynamic executed: 75000150
Number of updates dynamic gets: 4028289
Number of updates kinematic gets: 4028289
Average steps per dynamic update: 18.61836
Average steps contact detection lags behind: 37.23523
Number of times dynamic held back: 374698
-----------------------------
Frame: 150

~~ kT--dT CO-OP STATISTICS ~~
Number of steps dynamic executed: 75500151
Number of updates dynamic gets: 4056031
Number of updates kinematic gets: 4056031
Average steps per dynamic update: 18.61429
Average steps contact detection lags behind: 37.22709
Number of times dynamic held back: 376931
-----------------------------
Frame: 151

~~ kT--dT CO-OP STATISTICS ~~
Number of steps dynamic executed: 76000152
Number of updates dynamic gets: 4083194
Number of updates kinematic gets: 4083194
Average steps per dynamic update: 18.61292
Average steps contact detection lags behind: 37.22434
Number of times dynamic held back: 379245
-----------------------------
Frame: 152

~~ kT--dT CO-OP STATISTICS ~~
Number of steps dynamic executed: 76500153
Number of updates dynamic gets: 4110306
Number of updates kinematic gets: 4110306
Average steps per dynamic update: 18.61179
Average steps contact detection lags behind: 37.22209
Number of times dynamic held back: 381518
-----------------------------
Frame: 153

~~ kT--dT CO-OP STATISTICS ~~
Number of steps dynamic executed: 77000154
Number of updates dynamic gets: 4137484
Number of updates kinematic gets: 4137484
Average steps per dynamic update: 18.61038
Average steps contact detection lags behind: 37.21927
Number of times dynamic held back: 383803
-----------------------------
Frame: 154

~~ kT--dT CO-OP STATISTICS ~~
Number of steps dynamic executed: 77500155
Number of updates dynamic gets: 4164602
Number of updates kinematic gets: 4164602
Average steps per dynamic update: 18.60926
Average steps contact detection lags behind: 37.21702
Number of times dynamic held back: 386239
-----------------------------
Frame: 155

~~ kT--dT CO-OP STATISTICS ~~
Number of steps dynamic executed: 78000156
Number of updates dynamic gets: 4191609
Number of updates kinematic gets: 4191609
Average steps per dynamic update: 18.60864
Average steps contact detection lags behind: 37.21579
Number of times dynamic held back: 388653
-----------------------------
Frame: 156

~~ kT--dT CO-OP STATISTICS ~~
Number of steps dynamic executed: 78500157
Number of updates dynamic gets: 4217442
Number of updates kinematic gets: 4217442
Average steps per dynamic update: 18.61322
Average steps contact detection lags behind: 37.22493
Number of times dynamic held back: 391311
-----------------------------
Frame: 157

~~ kT--dT CO-OP STATISTICS ~~
Number of steps dynamic executed: 79000158
Number of updates dynamic gets: 4243331
Number of updates kinematic gets: 4243331
Average steps per dynamic update: 18.61749
Average steps contact detection lags behind: 37.23348
Number of times dynamic held back: 393734
-----------------------------
Frame: 158

~~ kT--dT CO-OP STATISTICS ~~
Number of steps dynamic executed: 79500159
Number of updates dynamic gets: 4270861
Number of updates kinematic gets: 4270861
Average steps per dynamic update: 18.61455
Average steps contact detection lags behind: 37.2276
Number of times dynamic held back: 396182
-----------------------------
Frame: 159

~~ kT--dT CO-OP STATISTICS ~~
Number of steps dynamic executed: 80000160
Number of updates dynamic gets: 4298809
Number of updates kinematic gets: 4298809
Average steps per dynamic update: 18.60984
Average steps contact detection lags behind: 37.21819
Number of times dynamic held back: 398527
-----------------------------
Frame: 160

~~ kT--dT CO-OP STATISTICS ~~
Number of steps dynamic executed: 80500161
Number of updates dynamic gets: 4325252
Number of updates kinematic gets: 4325252
Average steps per dynamic update: 18.61167
Average steps contact detection lags behind: 37.22184
Number of times dynamic held back: 400775
-----------------------------
20314.3 seconds (wall time) to finish the simulation

~~ kT TIMING STATISTICS ~~
kT total active time: 27371.997 seconds
Discretize domain: 7819.23683 seconds, 28.5666% of kT total runtime
Find contact pairs: 7281.6784 seconds, 26.6027% of kT total runtime
Build history map: 7441.19398 seconds, 27.1854% of kT total runtime
Unpack updates from dT: 2095.60511 seconds, 7.65602% of kT total runtime
Send to dT buffer: 780.639162 seconds, 2.85196% of kT total runtime
Wait for dT update: 1953.64357 seconds, 7.13738% of kT total runtime

~~ dT TIMING STATISTICS ~~
dT total active time: 27082.3354 seconds
Clear force array: 6048.93355 seconds, 22.3353% of dT total runtime
Calculate contact forces: 7962.92762 seconds, 29.4027% of dT total runtime
Collect contact forces: 6163.32395 seconds, 22.7577% of dT total runtime
Integration: 5061.2355 seconds, 18.6883% of dT total runtime
Unpack updates from kT: 644.374253 seconds, 2.37932% of dT total runtime
Send to kT buffer: 713.993461 seconds, 2.63638% of dT total runtime
Wait for kT update: 487.547035 seconds, 1.80024% of dT total runtime
--------------------------

~~ Simulation anomaly report ~~
There is no simulation anomalies on record.
-----------------------------
DEMdemo_BallDrop exiting...
