Wed Apr  3 13:10:08 2024       
+-----------------------------------------------------------------------------------------+
| NVIDIA-SMI 550.54.14              Driver Version: 550.54.14      CUDA Version: 12.4     |
|-----------------------------------------+------------------------+----------------------+
| GPU  Name                 Persistence-M | Bus-Id          Disp.A | Volatile Uncorr. ECC |
| Fan  Temp   Perf          Pwr:Usage/Cap |           Memory-Usage | GPU-Util  Compute M. |
|                                         |                        |               MIG M. |
|=========================================+========================+======================|
|   0  NVIDIA A100-SXM4-80GB          Off |   00000000:81:00.0 Off |                    0 |
| N/A   30C    P0             57W /  500W |       0MiB /  81920MiB |      0%      Default |
|                                         |                        |             Disabled |
+-----------------------------------------+------------------------+----------------------+
|   1  NVIDIA A100-SXM4-80GB          Off |   00000000:C1:00.0 Off |                    0 |
| N/A   27C    P0             58W /  500W |       0MiB /  81920MiB |      0%      Default |
|                                         |                        |             Disabled |
+-----------------------------------------+------------------------+----------------------+
                                                                                         
+-----------------------------------------------------------------------------------------+
| Processes:                                                                              |
|  GPU   GI   CI        PID   Type   Process name                              GPU Memory |
|        ID   ID                                                               Usage      |
|=========================================================================================|
|  No running processes found                                                             |
+-----------------------------------------------------------------------------------------+
Total num of triangles: 320
Total num of particles: 200789
Output at 10 FPS
Frame: 0

~~ kT--dT CO-OP STATISTICS ~~
Number of steps dynamic executed: 50001
Number of updates dynamic gets: 2404
Number of updates kinematic gets: 2404
Average steps per dynamic update: 20.79908
Average steps contact detection lags behind: 41.58195
Number of times dynamic held back: 317
-----------------------------
Frame: 1

~~ kT--dT CO-OP STATISTICS ~~
Number of steps dynamic executed: 100002
Number of updates dynamic gets: 5948
Number of updates kinematic gets: 5948
Average steps per dynamic update: 16.81271
Average steps contact detection lags behind: 33.61399
Number of times dynamic held back: 705
-----------------------------
Frame: 2

~~ kT--dT CO-OP STATISTICS ~~
Number of steps dynamic executed: 150003
Number of updates dynamic gets: 10695
Number of updates kinematic gets: 10695
Average steps per dynamic update: 14.02553
Average steps contact detection lags behind: 28.04385
Number of times dynamic held back: 1197
-----------------------------
Frame: 3

~~ kT--dT CO-OP STATISTICS ~~
Number of steps dynamic executed: 200004
Number of updates dynamic gets: 15787
Number of updates kinematic gets: 15787
Average steps per dynamic update: 12.6689
Average steps contact detection lags behind: 25.33211
Number of times dynamic held back: 1748
-----------------------------
Frame: 4

~~ kT--dT CO-OP STATISTICS ~~
Number of steps dynamic executed: 250005
Number of updates dynamic gets: 20871
Number of updates kinematic gets: 20871
Average steps per dynamic update: 11.97858
Average steps contact detection lags behind: 23.95194
Number of times dynamic held back: 2273
-----------------------------
Frame: 5

~~ kT--dT CO-OP STATISTICS ~~
Number of steps dynamic executed: 300006
Number of updates dynamic gets: 26010
Number of updates kinematic gets: 26010
Average steps per dynamic update: 11.53426
Average steps contact detection lags behind: 23.06336
Number of times dynamic held back: 2816
-----------------------------
Frame: 6

~~ kT--dT CO-OP STATISTICS ~~
Number of steps dynamic executed: 350007
Number of updates dynamic gets: 31201
Number of updates kinematic gets: 31201
Average steps per dynamic update: 11.21781
Average steps contact detection lags behind: 22.43088
Number of times dynamic held back: 3334
-----------------------------
Frame: 7

~~ kT--dT CO-OP STATISTICS ~~
Number of steps dynamic executed: 400008
Number of updates dynamic gets: 36193
Number of updates kinematic gets: 36193
Average steps per dynamic update: 11.05208
Average steps contact detection lags behind: 22.09966
Number of times dynamic held back: 3849
-----------------------------
Frame: 8

~~ kT--dT CO-OP STATISTICS ~~
Number of steps dynamic executed: 450009
Number of updates dynamic gets: 41288
Number of updates kinematic gets: 41288
Average steps per dynamic update: 10.89927
Average steps contact detection lags behind: 21.7942
Number of times dynamic held back: 4381
-----------------------------
Frame: 9

~~ kT--dT CO-OP STATISTICS ~~
Number of steps dynamic executed: 500010
Number of updates dynamic gets: 46514
Number of updates kinematic gets: 46514
Average steps per dynamic update: 10.74967
Average steps contact detection lags behind: 21.49506
Number of times dynamic held back: 4938
-----------------------------
Original terrain height: 0.125965
Bulk density: 1455.3
Frame: 10

~~ kT--dT CO-OP STATISTICS ~~
Number of steps dynamic executed: 650012
Number of updates dynamic gets: 61747
Number of updates kinematic gets: 61748
Average steps per dynamic update: 10.52685
Average steps contact detection lags behind: 21.05001
Number of times dynamic held back: 6018
-----------------------------
Frame: 11

~~ kT--dT CO-OP STATISTICS ~~
Number of steps dynamic executed: 700013
Number of updates dynamic gets: 66952
Number of updates kinematic gets: 66953
Average steps per dynamic update: 10.45529
Average steps contact detection lags behind: 20.90722
Number of times dynamic held back: 6329
-----------------------------
Frame: 12

~~ kT--dT CO-OP STATISTICS ~~
Number of steps dynamic executed: 750014
Number of updates dynamic gets: 71904
Number of updates kinematic gets: 71905
Average steps per dynamic update: 10.43062
Average steps contact detection lags behind: 20.85808
Number of times dynamic held back: 6666
-----------------------------
Frame: 13

~~ kT--dT CO-OP STATISTICS ~~
Number of steps dynamic executed: 800015
Number of updates dynamic gets: 76796
Number of updates kinematic gets: 76797
Average steps per dynamic update: 10.41727
Average steps contact detection lags behind: 20.83157
Number of times dynamic held back: 6953
-----------------------------
Frame: 14

~~ kT--dT CO-OP STATISTICS ~~
Number of steps dynamic executed: 850016
Number of updates dynamic gets: 81785
Number of updates kinematic gets: 81786
Average steps per dynamic update: 10.39317
Average steps contact detection lags behind: 20.78358
Number of times dynamic held back: 7285
-----------------------------
Frame: 15

~~ kT--dT CO-OP STATISTICS ~~
Number of steps dynamic executed: 900017
Number of updates dynamic gets: 86894
Number of updates kinematic gets: 86895
Average steps per dynamic update: 10.35752
Average steps contact detection lags behind: 20.71234
Number of times dynamic held back: 7605
-----------------------------
Frame: 16

~~ kT--dT CO-OP STATISTICS ~~
Number of steps dynamic executed: 950018
Number of updates dynamic gets: 91955
Number of updates kinematic gets: 91956
Average steps per dynamic update: 10.33122
Average steps contact detection lags behind: 20.65975
Number of times dynamic held back: 7884
-----------------------------
Frame: 17

~~ kT--dT CO-OP STATISTICS ~~
Number of steps dynamic executed: 1000019
Number of updates dynamic gets: 97186
Number of updates kinematic gets: 97186
Average steps per dynamic update: 10.28974
Average steps contact detection lags behind: 20.57703
Number of times dynamic held back: 8173
-----------------------------
602.58 seconds (wall time) to finish the simulation

~~ kT TIMING STATISTICS ~~
kT total active time: 1406.1942 seconds
Discretize domain: 255.621571 seconds, 18.1783% of kT total runtime
Find contact pairs: 338.08989 seconds, 24.0429% of kT total runtime
Build history map: 126.015453 seconds, 8.96145% of kT total runtime
Unpack updates from dT: 350.915052 seconds, 24.9549% of kT total runtime
Send to dT buffer: 200.132128 seconds, 14.2322% of kT total runtime
Wait for dT update: 135.420106 seconds, 9.63026% of kT total runtime

~~ dT TIMING STATISTICS ~~
dT total active time: 1379.17982 seconds
Clear force array: 191.372001 seconds, 13.8758% of dT total runtime
Calculate contact forces: 719.861275 seconds, 52.1949% of dT total runtime
Collect contact forces: 265.981266 seconds, 19.2855% of dT total runtime
Integration: 133.14295 seconds, 9.65378% of dT total runtime
Unpack updates from kT: 26.6750475 seconds, 1.93412% of dT total runtime
Send to kT buffer: 22.267593 seconds, 1.61455% of dT total runtime
Wait for kT update: 19.8796923 seconds, 1.44141% of dT total runtime
--------------------------
Ball density: 2200
Ball rad: 0.0127
Drop height: 0.05
Penetration: 0.0161762
==============================================================
Total num of triangles: 320
Total num of particles: 200789
Output at 10 FPS
Original terrain height: 0.125959
Bulk density: 1455.38

~~ kT--dT CO-OP STATISTICS ~~
Number of steps dynamic executed: 150002
Number of updates dynamic gets: 12473
Number of updates kinematic gets: 12474
Average steps per dynamic update: 12.02517
Average steps contact detection lags behind: 24.04553
Number of times dynamic held back: 490
-----------------------------

~~ kT--dT CO-OP STATISTICS ~~
Number of steps dynamic executed: 200003
Number of updates dynamic gets: 16422
Number of updates kinematic gets: 16423
Average steps per dynamic update: 12.17823
Average steps contact detection lags behind: 24.35377
Number of times dynamic held back: 650
-----------------------------

~~ kT--dT CO-OP STATISTICS ~~
Number of steps dynamic executed: 250004
Number of updates dynamic gets: 20372
Number of updates kinematic gets: 20373
Average steps per dynamic update: 12.27134
Average steps contact detection lags behind: 24.53929
Number of times dynamic held back: 838
-----------------------------

~~ kT--dT CO-OP STATISTICS ~~
Number of steps dynamic executed: 300005
Number of updates dynamic gets: 24351
Number of updates kinematic gets: 24351
Average steps per dynamic update: 12.32003
Average steps contact detection lags behind: 24.6373
Number of times dynamic held back: 1001
-----------------------------

~~ kT--dT CO-OP STATISTICS ~~
Number of steps dynamic executed: 350006
Number of updates dynamic gets: 28223
Number of updates kinematic gets: 28224
Average steps per dynamic update: 12.40101
Average steps contact detection lags behind: 24.79967
Number of times dynamic held back: 1163
-----------------------------

~~ kT--dT CO-OP STATISTICS ~~
Number of steps dynamic executed: 400007
Number of updates dynamic gets: 31955
Number of updates kinematic gets: 31956
Average steps per dynamic update: 12.51743
Average steps contact detection lags behind: 25.03345
Number of times dynamic held back: 1333
-----------------------------

~~ kT--dT CO-OP STATISTICS ~~
Number of steps dynamic executed: 450008
Number of updates dynamic gets: 35905
Number of updates kinematic gets: 35906
Average steps per dynamic update: 12.53295
Average steps contact detection lags behind: 25.06439
Number of times dynamic held back: 1505
-----------------------------

~~ kT--dT CO-OP STATISTICS ~~
Number of steps dynamic executed: 500009
Number of updates dynamic gets: 39742
Number of updates kinematic gets: 39743
Average steps per dynamic update: 12.58106
Average steps contact detection lags behind: 25.16086
Number of times dynamic held back: 1696
-----------------------------

~~ kT--dT CO-OP STATISTICS ~~
Number of steps dynamic executed: 550010
Number of updates dynamic gets: 43602
Number of updates kinematic gets: 43603
Average steps per dynamic update: 12.61404
Average steps contact detection lags behind: 25.22698
Number of times dynamic held back: 1866
-----------------------------

~~ kT--dT CO-OP STATISTICS ~~
Number of steps dynamic executed: 600011
Number of updates dynamic gets: 47563
Number of updates kinematic gets: 47564
Average steps per dynamic update: 12.61481
Average steps contact detection lags behind: 25.2283
Number of times dynamic held back: 1999
-----------------------------

~~ kT--dT CO-OP STATISTICS ~~
Number of steps dynamic executed: 650012
Number of updates dynamic gets: 51514
Number of updates kinematic gets: 51515
Average steps per dynamic update: 12.61792
Average steps contact detection lags behind: 25.23496
Number of times dynamic held back: 2177
-----------------------------
519.314 seconds (wall time) to finish the simulation

~~ kT TIMING STATISTICS ~~
kT total active time: 613.535432 seconds
Discretize domain: 111.204202 seconds, 18.1251% of kT total runtime
Find contact pairs: 159.260149 seconds, 25.9578% of kT total runtime
Build history map: 66.9365579 seconds, 10.91% of kT total runtime
Unpack updates from dT: 136.238749 seconds, 22.2055% of kT total runtime
Send to dT buffer: 90.7443263 seconds, 14.7904% of kT total runtime
Wait for dT update: 49.1514478 seconds, 8.01118% of kT total runtime

~~ dT TIMING STATISTICS ~~
dT total active time: 602.609725 seconds
Clear force array: 97.4740693 seconds, 16.1753% of dT total runtime
Calculate contact forces: 256.256827 seconds, 42.5245% of dT total runtime
Collect contact forces: 168.956512 seconds, 28.0375% of dT total runtime
Integration: 54.9705031 seconds, 9.12207% of dT total runtime
Unpack updates from kT: 11.6609832 seconds, 1.93508% of dT total runtime
Send to kT buffer: 9.63732285 seconds, 1.59926% of dT total runtime
Wait for kT update: 3.65350728 seconds, 0.606281% of dT total runtime
--------------------------
Ball density: 2200
Ball rad: 0.0127
Drop height: 0.1
Penetration: 0.0197557
==============================================================
Total num of triangles: 320
Total num of particles: 200789
Output at 10 FPS
Original terrain height: 0.125959
Bulk density: 1455.38

~~ kT--dT CO-OP STATISTICS ~~
Number of steps dynamic executed: 150002
Number of updates dynamic gets: 16044
Number of updates kinematic gets: 16045
Average steps per dynamic update: 9.348831
Average steps contact detection lags behind: 18.69617
Number of times dynamic held back: 1046
-----------------------------

~~ kT--dT CO-OP STATISTICS ~~
Number of steps dynamic executed: 200003
Number of updates dynamic gets: 21225
Number of updates kinematic gets: 21226
Average steps per dynamic update: 9.422548
Average steps contact detection lags behind: 18.8434
Number of times dynamic held back: 1381
-----------------------------

~~ kT--dT CO-OP STATISTICS ~~
Number of steps dynamic executed: 250004
Number of updates dynamic gets: 26327
Number of updates kinematic gets: 26328
Average steps per dynamic update: 9.495746
Average steps contact detection lags behind: 18.99001
Number of times dynamic held back: 1723
-----------------------------

~~ kT--dT CO-OP STATISTICS ~~
Number of steps dynamic executed: 300005
Number of updates dynamic gets: 31032
Number of updates kinematic gets: 31033
Average steps per dynamic update: 9.66729
Average steps contact detection lags behind: 19.33358
Number of times dynamic held back: 1949
-----------------------------

~~ kT--dT CO-OP STATISTICS ~~
Number of steps dynamic executed: 350006
Number of updates dynamic gets: 34905
Number of updates kinematic gets: 34906
Average steps per dynamic update: 10.0271
Average steps contact detection lags behind: 20.05274
Number of times dynamic held back: 2116
-----------------------------
344.102 seconds (wall time) to finish the simulation

~~ kT TIMING STATISTICS ~~
kT total active time: 498.840263 seconds
Discretize domain: 81.461382 seconds, 16.3302% of kT total runtime
Find contact pairs: 119.448541 seconds, 23.9452% of kT total runtime
Build history map: 47.1458347 seconds, 9.45109% of kT total runtime
Unpack updates from dT: 128.419025 seconds, 25.7435% of kT total runtime
Send to dT buffer: 72.9054111 seconds, 14.615% of kT total runtime
Wait for dT update: 49.4600687 seconds, 9.91501% of kT total runtime

~~ dT TIMING STATISTICS ~~
dT total active time: 492.341299 seconds
Clear force array: 65.8345942 seconds, 13.3717% of dT total runtime
Calculate contact forces: 262.122251 seconds, 53.2399% of dT total runtime
Collect contact forces: 96.2053953 seconds, 19.5404% of dT total runtime
Integration: 46.3222766 seconds, 9.40857% of dT total runtime
Unpack updates from kT: 9.85274329 seconds, 2.0012% of dT total runtime
Send to kT buffer: 8.21813188 seconds, 1.66919% of dT total runtime
Wait for kT update: 3.7859064 seconds, 0.76896% of dT total runtime
--------------------------
Ball density: 2200
Ball rad: 0.0127
Drop height: 0.2
Penetration: 0.0236782
==============================================================
Total num of triangles: 320
Total num of particles: 200789
Output at 10 FPS
Original terrain height: 0.125959
Bulk density: 1455.38

~~ kT--dT CO-OP STATISTICS ~~
Number of steps dynamic executed: 150002
Number of updates dynamic gets: 12085
Number of updates kinematic gets: 12086
Average steps per dynamic update: 12.41122
Average steps contact detection lags behind: 24.81963
Number of times dynamic held back: 534
-----------------------------

~~ kT--dT CO-OP STATISTICS ~~
Number of steps dynamic executed: 200003
Number of updates dynamic gets: 16060
Number of updates kinematic gets: 16061
Average steps per dynamic update: 12.45271
Average steps contact detection lags behind: 24.90318
Number of times dynamic held back: 682
-----------------------------

~~ kT--dT CO-OP STATISTICS ~~
Number of steps dynamic executed: 250004
Number of updates dynamic gets: 20080
Number of updates kinematic gets: 20081
Average steps per dynamic update: 12.44978
Average steps contact detection lags behind: 24.89756
Number of times dynamic held back: 830
-----------------------------

~~ kT--dT CO-OP STATISTICS ~~
Number of steps dynamic executed: 300005
Number of updates dynamic gets: 24025
Number of updates kinematic gets: 24026
Average steps per dynamic update: 12.48668
Average steps contact detection lags behind: 24.97145
Number of times dynamic held back: 976
-----------------------------

~~ kT--dT CO-OP STATISTICS ~~
Number of steps dynamic executed: 350006
Number of updates dynamic gets: 28012
Number of updates kinematic gets: 28013
Average steps per dynamic update: 12.49441
Average steps contact detection lags behind: 24.98718
Number of times dynamic held back: 1126
-----------------------------

~~ kT--dT CO-OP STATISTICS ~~
Number of steps dynamic executed: 400007
Number of updates dynamic gets: 31909
Number of updates kinematic gets: 31910
Average steps per dynamic update: 12.53547
Average steps contact detection lags behind: 25.06935
Number of times dynamic held back: 1285
-----------------------------

~~ kT--dT CO-OP STATISTICS ~~
Number of steps dynamic executed: 450008
Number of updates dynamic gets: 35815
Number of updates kinematic gets: 35816
Average steps per dynamic update: 12.56444
Average steps contact detection lags behind: 25.12782
Number of times dynamic held back: 1444
-----------------------------

~~ kT--dT CO-OP STATISTICS ~~
Number of steps dynamic executed: 500009
Number of updates dynamic gets: 39794
Number of updates kinematic gets: 39795
Average steps per dynamic update: 12.56462
Average steps contact detection lags behind: 25.12826
Number of times dynamic held back: 1616
-----------------------------

~~ kT--dT CO-OP STATISTICS ~~
Number of steps dynamic executed: 550010
Number of updates dynamic gets: 43760
Number of updates kinematic gets: 43760
Average steps per dynamic update: 12.56878
Average steps contact detection lags behind: 25.13617
Number of times dynamic held back: 1789
-----------------------------

~~ kT--dT CO-OP STATISTICS ~~
Number of steps dynamic executed: 600011
Number of updates dynamic gets: 47696
Number of updates kinematic gets: 47696
Average steps per dynamic update: 12.5799
Average steps contact detection lags behind: 25.15871
Number of times dynamic held back: 1938
-----------------------------

~~ kT--dT CO-OP STATISTICS ~~
Number of steps dynamic executed: 650012
Number of updates dynamic gets: 51648
Number of updates kinematic gets: 51649
Average steps per dynamic update: 12.58518
Average steps contact detection lags behind: 25.16949
Number of times dynamic held back: 2093
-----------------------------

~~ kT--dT CO-OP STATISTICS ~~
Number of steps dynamic executed: 700013
Number of updates dynamic gets: 55579
Number of updates kinematic gets: 55580
Average steps per dynamic update: 12.59469
Average steps contact detection lags behind: 25.18849
Number of times dynamic held back: 2220
-----------------------------

~~ kT--dT CO-OP STATISTICS ~~
Number of steps dynamic executed: 750014
Number of updates dynamic gets: 59611
Number of updates kinematic gets: 59612
Average steps per dynamic update: 12.58159
Average steps contact detection lags behind: 25.1623
Number of times dynamic held back: 2332
-----------------------------
615.189 seconds (wall time) to finish the simulation

~~ kT TIMING STATISTICS ~~
kT total active time: 709.949625 seconds
Discretize domain: 128.136686 seconds, 18.0487% of kT total runtime
Find contact pairs: 185.092742 seconds, 26.0713% of kT total runtime
Build history map: 77.1517737 seconds, 10.8672% of kT total runtime
Unpack updates from dT: 157.943791 seconds, 22.2472% of kT total runtime
Send to dT buffer: 104.056747 seconds, 14.6569% of kT total runtime
Wait for dT update: 57.5678853 seconds, 8.10873% of kT total runtime

~~ dT TIMING STATISTICS ~~
dT total active time: 699.343161 seconds
Clear force array: 111.674819 seconds, 15.9685% of dT total runtime
Calculate contact forces: 301.124095 seconds, 43.0581% of dT total runtime
Collect contact forces: 194.241293 seconds, 27.7748% of dT total runtime
Integration: 63.1732437 seconds, 9.03323% of dT total runtime
Unpack updates from kT: 13.923534 seconds, 1.99094% of dT total runtime
Send to kT buffer: 11.423967 seconds, 1.63353% of dT total runtime
Wait for kT update: 3.78220976 seconds, 0.540823% of dT total runtime
--------------------------
Ball density: 3800
Ball rad: 0.0127
Drop height: 0.05
Penetration: 0.0216617
==============================================================
Total num of triangles: 320
Total num of particles: 200789
Output at 10 FPS
Original terrain height: 0.125959
Bulk density: 1455.38

~~ kT--dT CO-OP STATISTICS ~~
Number of steps dynamic executed: 150002
Number of updates dynamic gets: 12006
Number of updates kinematic gets: 12007
Average steps per dynamic update: 12.49288
Average steps contact detection lags behind: 24.98184
Number of times dynamic held back: 533
-----------------------------

~~ kT--dT CO-OP STATISTICS ~~
Number of steps dynamic executed: 200003
Number of updates dynamic gets: 15923
Number of updates kinematic gets: 15924
Average steps per dynamic update: 12.55985
Average steps contact detection lags behind: 25.11618
Number of times dynamic held back: 676
-----------------------------

~~ kT--dT CO-OP STATISTICS ~~
Number of steps dynamic executed: 250004
Number of updates dynamic gets: 19886
Number of updates kinematic gets: 19887
Average steps per dynamic update: 12.57123
Average steps contact detection lags behind: 25.14049
Number of times dynamic held back: 812
-----------------------------

~~ kT--dT CO-OP STATISTICS ~~
Number of steps dynamic executed: 300005
Number of updates dynamic gets: 23686
Number of updates kinematic gets: 23687
Average steps per dynamic update: 12.66539
Average steps contact detection lags behind: 25.32908
Number of times dynamic held back: 967
-----------------------------

~~ kT--dT CO-OP STATISTICS ~~
Number of steps dynamic executed: 350006
Number of updates dynamic gets: 27451
Number of updates kinematic gets: 27452
Average steps per dynamic update: 12.74975
Average steps contact detection lags behind: 25.49727
Number of times dynamic held back: 1104
-----------------------------

~~ kT--dT CO-OP STATISTICS ~~
Number of steps dynamic executed: 400007
Number of updates dynamic gets: 32340
Number of updates kinematic gets: 32341
Average steps per dynamic update: 12.36842
Average steps contact detection lags behind: 24.73476
Number of times dynamic held back: 1610
-----------------------------

~~ kT--dT CO-OP STATISTICS ~~
Number of steps dynamic executed: 450008
Number of updates dynamic gets: 37242
Number of updates kinematic gets: 37243
Average steps per dynamic update: 12.08302
Average steps contact detection lags behind: 24.16502
Number of times dynamic held back: 2160
-----------------------------

~~ kT--dT CO-OP STATISTICS ~~
Number of steps dynamic executed: 500009
Number of updates dynamic gets: 42106
Number of updates kinematic gets: 42107
Average steps per dynamic update: 11.87472
Average steps contact detection lags behind: 23.7484
Number of times dynamic held back: 2710
-----------------------------

~~ kT--dT CO-OP STATISTICS ~~
Number of steps dynamic executed: 550010
Number of updates dynamic gets: 46934
Number of updates kinematic gets: 46935
Average steps per dynamic update: 11.71855
Average steps contact detection lags behind: 23.43607
Number of times dynamic held back: 3238
-----------------------------

~~ kT--dT CO-OP STATISTICS ~~
Number of steps dynamic executed: 600011
Number of updates dynamic gets: 51886
Number of updates kinematic gets: 51886
Average steps per dynamic update: 11.56402
Average steps contact detection lags behind: 23.12689
Number of times dynamic held back: 3794
-----------------------------

~~ kT--dT CO-OP STATISTICS ~~
Number of steps dynamic executed: 650012
Number of updates dynamic gets: 56961
Number of updates kinematic gets: 56962
Average steps per dynamic update: 11.41133
Average steps contact detection lags behind: 22.82192
Number of times dynamic held back: 4343
-----------------------------
703.297 seconds (wall time) to finish the simulation

~~ kT TIMING STATISTICS ~~
kT total active time: 796.397447 seconds
Discretize domain: 136.627505 seconds, 17.1557% of kT total runtime
Find contact pairs: 212.518684 seconds, 26.685% of kT total runtime
Build history map: 78.1450207 seconds, 9.81231% of kT total runtime
Unpack updates from dT: 187.981825 seconds, 23.604% of kT total runtime
Send to dT buffer: 110.260081 seconds, 13.8449% of kT total runtime
Wait for dT update: 70.8643314 seconds, 8.89811% of kT total runtime

~~ dT TIMING STATISTICS ~~
dT total active time: 784.463377 seconds
Clear force array: 109.606145 seconds, 13.9721% of dT total runtime
Calculate contact forces: 392.725708 seconds, 50.063% of dT total runtime
Collect contact forces: 175.280594 seconds, 22.344% of dT total runtime
Integration: 69.9638018 seconds, 8.91868% of dT total runtime
Unpack updates from kT: 14.1767973 seconds, 1.8072% of dT total runtime
Send to kT buffer: 11.8837672 seconds, 1.51489% of dT total runtime
Wait for kT update: 10.8265637 seconds, 1.38012% of dT total runtime
--------------------------
Ball density: 3800
Ball rad: 0.0127
Drop height: 0.1
Penetration: 0.0264809
==============================================================
Total num of triangles: 320
Total num of particles: 200789
Output at 10 FPS
Original terrain height: 0.125959
Bulk density: 1455.38

~~ kT--dT CO-OP STATISTICS ~~
Number of steps dynamic executed: 150002
Number of updates dynamic gets: 15449
Number of updates kinematic gets: 15450
Average steps per dynamic update: 9.708867
Average steps contact detection lags behind: 19.41605
Number of times dynamic held back: 1246
-----------------------------

~~ kT--dT CO-OP STATISTICS ~~
Number of steps dynamic executed: 200003
Number of updates dynamic gets: 20873
Number of updates kinematic gets: 20874
Average steps per dynamic update: 9.581441
Average steps contact detection lags behind: 19.16121
Number of times dynamic held back: 1625
-----------------------------

~~ kT--dT CO-OP STATISTICS ~~
Number of steps dynamic executed: 250004
Number of updates dynamic gets: 26149
Number of updates kinematic gets: 26150
Average steps per dynamic update: 9.560382
Average steps contact detection lags behind: 19.11931
Number of times dynamic held back: 2012
-----------------------------

~~ kT--dT CO-OP STATISTICS ~~
Number of steps dynamic executed: 300005
Number of updates dynamic gets: 31420
Number of updates kinematic gets: 31421
Average steps per dynamic update: 9.547914
Average steps contact detection lags behind: 19.09452
Number of times dynamic held back: 2339
-----------------------------

~~ kT--dT CO-OP STATISTICS ~~
Number of steps dynamic executed: 350006
Number of updates dynamic gets: 36679
Number of updates kinematic gets: 36680
Average steps per dynamic update: 9.542148
Average steps contact detection lags behind: 19.08345
Number of times dynamic held back: 2691
-----------------------------

~~ kT--dT CO-OP STATISTICS ~~
Number of steps dynamic executed: 400007
Number of updates dynamic gets: 41844
Number of updates kinematic gets: 41845
Average steps per dynamic update: 9.559254
Average steps contact detection lags behind: 19.1176
Number of times dynamic held back: 3007
-----------------------------

~~ kT--dT CO-OP STATISTICS ~~
Number of steps dynamic executed: 450008
Number of updates dynamic gets: 47075
Number of updates kinematic gets: 47076
Average steps per dynamic update: 9.559181
Average steps contact detection lags behind: 19.11762
Number of times dynamic held back: 3390
-----------------------------

~~ kT--dT CO-OP STATISTICS ~~
Number of steps dynamic executed: 500009
Number of updates dynamic gets: 52400
Number of updates kinematic gets: 52401
Average steps per dynamic update: 9.541974
Average steps contact detection lags behind: 19.08336
Number of times dynamic held back: 3734
-----------------------------
626.996 seconds (wall time) to finish the simulation

~~ kT TIMING STATISTICS ~~
kT total active time: 783.008963 seconds
Discretize domain: 127.691253 seconds, 16.3078% of kT total runtime
Find contact pairs: 192.26355 seconds, 24.5545% of kT total runtime
Build history map: 66.9114627 seconds, 8.54543% of kT total runtime
Unpack updates from dT: 204.828298 seconds, 26.1591% of kT total runtime
Send to dT buffer: 113.156127 seconds, 14.4514% of kT total runtime
Wait for dT update: 78.1582728 seconds, 9.98179% of kT total runtime

~~ dT TIMING STATISTICS ~~
dT total active time: 773.077186 seconds
Clear force array: 99.3377883 seconds, 12.8497% of dT total runtime
Calculate contact forces: 426.196499 seconds, 55.1299% of dT total runtime
Collect contact forces: 140.514015 seconds, 18.1759% of dT total runtime
Integration: 71.6861748 seconds, 9.27284% of dT total runtime
Unpack updates from kT: 15.0852151 seconds, 1.95132% of dT total runtime
Send to kT buffer: 12.6866059 seconds, 1.64105% of dT total runtime
Wait for kT update: 7.57088804 seconds, 0.979319% of dT total runtime
--------------------------
Ball density: 3800
Ball rad: 0.0127
Drop height: 0.2
Penetration: 0.0323487
==============================================================
Total num of triangles: 320
Total num of particles: 200789
Output at 10 FPS
Original terrain height: 0.125959
Bulk density: 1455.38

~~ kT--dT CO-OP STATISTICS ~~
Number of steps dynamic executed: 150002
Number of updates dynamic gets: 11702
Number of updates kinematic gets: 11703
Average steps per dynamic update: 12.8174
Average steps contact detection lags behind: 25.62941
Number of times dynamic held back: 570
-----------------------------

~~ kT--dT CO-OP STATISTICS ~~
Number of steps dynamic executed: 200003
Number of updates dynamic gets: 15559
Number of updates kinematic gets: 15560
Average steps per dynamic update: 12.85366
Average steps contact detection lags behind: 25.70244
Number of times dynamic held back: 731
-----------------------------

~~ kT--dT CO-OP STATISTICS ~~
Number of steps dynamic executed: 250004
Number of updates dynamic gets: 19364
Number of updates kinematic gets: 19365
Average steps per dynamic update: 12.9101
Average steps contact detection lags behind: 25.81668
Number of times dynamic held back: 891
-----------------------------

~~ kT--dT CO-OP STATISTICS ~~
Number of steps dynamic executed: 300005
Number of updates dynamic gets: 23235
Number of updates kinematic gets: 23236
Average steps per dynamic update: 12.91122
Average steps contact detection lags behind: 25.8192
Number of times dynamic held back: 1024
-----------------------------

~~ kT--dT CO-OP STATISTICS ~~
Number of steps dynamic executed: 350006
Number of updates dynamic gets: 27294
Number of updates kinematic gets: 27295
Average steps per dynamic update: 12.82308
Average steps contact detection lags behind: 25.64415
Number of times dynamic held back: 1188
-----------------------------

~~ kT--dT CO-OP STATISTICS ~~
Number of steps dynamic executed: 400007
Number of updates dynamic gets: 31350
Number of updates kinematic gets: 31351
Average steps per dynamic update: 12.75899
Average steps contact detection lags behind: 25.51574
Number of times dynamic held back: 1319
-----------------------------

~~ kT--dT CO-OP STATISTICS ~~
Number of steps dynamic executed: 450008
Number of updates dynamic gets: 35250
Number of updates kinematic gets: 35251
Average steps per dynamic update: 12.76582
Average steps contact detection lags behind: 25.52957
Number of times dynamic held back: 1473
-----------------------------

~~ kT--dT CO-OP STATISTICS ~~
Number of steps dynamic executed: 500009
Number of updates dynamic gets: 39110
Number of updates kinematic gets: 39111
Average steps per dynamic update: 12.78436
Average steps contact detection lags behind: 25.56723
Number of times dynamic held back: 1614
-----------------------------

~~ kT--dT CO-OP STATISTICS ~~
Number of steps dynamic executed: 550010
Number of updates dynamic gets: 43067
Number of updates kinematic gets: 43068
Average steps per dynamic update: 12.77073
Average steps contact detection lags behind: 25.54005
Number of times dynamic held back: 1764
-----------------------------

~~ kT--dT CO-OP STATISTICS ~~
Number of steps dynamic executed: 600011
Number of updates dynamic gets: 46935
Number of updates kinematic gets: 46936
Average steps per dynamic update: 12.7836
Average steps contact detection lags behind: 25.56609
Number of times dynamic held back: 1887
-----------------------------

~~ kT--dT CO-OP STATISTICS ~~
Number of steps dynamic executed: 650012
Number of updates dynamic gets: 50957
Number of updates kinematic gets: 50958
Average steps per dynamic update: 12.75584
Average steps contact detection lags behind: 25.5103
Number of times dynamic held back: 2019
-----------------------------

~~ kT--dT CO-OP STATISTICS ~~
Number of steps dynamic executed: 700013
Number of updates dynamic gets: 55618
Number of updates kinematic gets: 55619
Average steps per dynamic update: 12.58586
Average steps contact detection lags behind: 25.17077
Number of times dynamic held back: 2286
-----------------------------

~~ kT--dT CO-OP STATISTICS ~~
Number of steps dynamic executed: 750014
Number of updates dynamic gets: 60928
Number of updates kinematic gets: 60929
Average steps per dynamic update: 12.30964
Average steps contact detection lags behind: 24.61828
Number of times dynamic held back: 2589
-----------------------------
673.052 seconds (wall time) to finish the simulation

~~ kT TIMING STATISTICS ~~
kT total active time: 767.829975 seconds
Discretize domain: 134.715367 seconds, 17.5449% of kT total runtime
Find contact pairs: 202.545052 seconds, 26.3789% of kT total runtime
Build history map: 80.1117365 seconds, 10.4335% of kT total runtime
Unpack updates from dT: 173.73139 seconds, 22.6263% of kT total runtime
Send to dT buffer: 112.008461 seconds, 14.5877% of kT total runtime
Wait for dT update: 64.7179688 seconds, 8.42868% of kT total runtime

~~ dT TIMING STATISTICS ~~
dT total active time: 756.704918 seconds
Clear force array: 118.232647 seconds, 15.6247% of dT total runtime
Calculate contact forces: 340.488941 seconds, 44.9963% of dT total runtime
Collect contact forces: 197.681457 seconds, 26.124% of dT total runtime
Integration: 68.972577 seconds, 9.11486% of dT total runtime
Unpack updates from kT: 14.6983097 seconds, 1.94241% of dT total runtime
Send to kT buffer: 12.3332647 seconds, 1.62986% of dT total runtime
Wait for kT update: 4.2977225 seconds, 0.567952% of dT total runtime
--------------------------
Ball density: 7800
Ball rad: 0.0127
Drop height: 0.05
Penetration: 0.0338479
==============================================================
Total num of triangles: 320
Total num of particles: 200789
Output at 10 FPS
Original terrain height: 0.125959
Bulk density: 1455.38

~~ kT--dT CO-OP STATISTICS ~~
Number of steps dynamic executed: 150002
Number of updates dynamic gets: 14885
Number of updates kinematic gets: 14886
Average steps per dynamic update: 10.07672
Average steps contact detection lags behind: 20.15115
Number of times dynamic held back: 1683
-----------------------------

~~ kT--dT CO-OP STATISTICS ~~
Number of steps dynamic executed: 200003
Number of updates dynamic gets: 19869
Number of updates kinematic gets: 19870
Average steps per dynamic update: 10.06558
Average steps contact detection lags behind: 20.12879
Number of times dynamic held back: 2215
-----------------------------

~~ kT--dT CO-OP STATISTICS ~~
Number of steps dynamic executed: 250004
Number of updates dynamic gets: 24714
Number of updates kinematic gets: 24715
Average steps per dynamic update: 10.11548
Average steps contact detection lags behind: 20.22893
Number of times dynamic held back: 2775
-----------------------------

~~ kT--dT CO-OP STATISTICS ~~
Number of steps dynamic executed: 300005
Number of updates dynamic gets: 29806
Number of updates kinematic gets: 29807
Average steps per dynamic update: 10.06492
Average steps contact detection lags behind: 20.12863
Number of times dynamic held back: 3348
-----------------------------

~~ kT--dT CO-OP STATISTICS ~~
Number of steps dynamic executed: 350006
Number of updates dynamic gets: 34952
Number of updates kinematic gets: 34953
Average steps per dynamic update: 10.01362
Average steps contact detection lags behind: 20.02606
Number of times dynamic held back: 3915
-----------------------------

~~ kT--dT CO-OP STATISTICS ~~
Number of steps dynamic executed: 400007
Number of updates dynamic gets: 40043
Number of updates kinematic gets: 40044
Average steps per dynamic update: 9.989187
Average steps contact detection lags behind: 19.97745
Number of times dynamic held back: 4460
-----------------------------

~~ kT--dT CO-OP STATISTICS ~~
Number of steps dynamic executed: 450008
Number of updates dynamic gets: 45213
Number of updates kinematic gets: 45214
Average steps per dynamic update: 9.952846
Average steps contact detection lags behind: 19.90479
Number of times dynamic held back: 5014
-----------------------------

~~ kT--dT CO-OP STATISTICS ~~
Number of steps dynamic executed: 500009
Number of updates dynamic gets: 50393
Number of updates kinematic gets: 50394
Average steps per dynamic update: 9.921995
Average steps contact detection lags behind: 19.84322
Number of times dynamic held back: 5551
-----------------------------

~~ kT--dT CO-OP STATISTICS ~~
Number of steps dynamic executed: 550010
Number of updates dynamic gets: 55221
Number of updates kinematic gets: 55222
Average steps per dynamic update: 9.95998
Average steps contact detection lags behind: 19.91936
Number of times dynamic held back: 6086
-----------------------------

~~ kT--dT CO-OP STATISTICS ~~
Number of steps dynamic executed: 600011
Number of updates dynamic gets: 60255
Number of updates kinematic gets: 60255
Average steps per dynamic update: 9.957862
Average steps contact detection lags behind: 19.9148
Number of times dynamic held back: 6620
-----------------------------

~~ kT--dT CO-OP STATISTICS ~~
Number of steps dynamic executed: 650012
Number of updates dynamic gets: 65428
Number of updates kinematic gets: 65429
Average steps per dynamic update: 9.934616
Average steps contact detection lags behind: 19.86858
Number of times dynamic held back: 7165
-----------------------------

~~ kT--dT CO-OP STATISTICS ~~
Number of steps dynamic executed: 700013
Number of updates dynamic gets: 70594
Number of updates kinematic gets: 70595
Average steps per dynamic update: 9.915901
Average steps contact detection lags behind: 19.83128
Number of times dynamic held back: 7603
-----------------------------

~~ kT--dT CO-OP STATISTICS ~~
Number of steps dynamic executed: 750014
Number of updates dynamic gets: 75562
Number of updates kinematic gets: 75563
Average steps per dynamic update: 9.925678
Average steps contact detection lags behind: 19.85085
Number of times dynamic held back: 7897
-----------------------------
1010.94 seconds (wall time) to finish the simulation

~~ kT TIMING STATISTICS ~~
kT total active time: 1165.37547 seconds
Discretize domain: 196.9578 seconds, 16.9008% of kT total runtime
Find contact pairs: 300.046898 seconds, 25.7468% of kT total runtime
Build history map: 109.496134 seconds, 9.39578% of kT total runtime
Unpack updates from dT: 289.376153 seconds, 24.8312% of kT total runtime
Send to dT buffer: 157.039499 seconds, 13.4754% of kT total runtime
Wait for dT update: 112.458982 seconds, 9.65002% of kT total runtime

~~ dT TIMING STATISTICS ~~
dT total active time: 1147.59331 seconds
Clear force array: 142.641243 seconds, 12.4296% of dT total runtime
Calculate contact forces: 634.588873 seconds, 55.2974% of dT total runtime
Collect contact forces: 210.796437 seconds, 18.3686% of dT total runtime
Integration: 100.546133 seconds, 8.76148% of dT total runtime
Unpack updates from kT: 20.2884831 seconds, 1.76792% of dT total runtime
Send to kT buffer: 16.8466995 seconds, 1.468% of dT total runtime
Wait for kT update: 21.8854456 seconds, 1.90707% of dT total runtime
--------------------------
Ball density: 7800
Ball rad: 0.0127
Drop height: 0.1
Penetration: 0.0397467
==============================================================
Total num of triangles: 320
Total num of particles: 200789
Output at 10 FPS
Original terrain height: 0.125959
Bulk density: 1455.37

~~ kT--dT CO-OP STATISTICS ~~
Number of steps dynamic executed: 150002
Number of updates dynamic gets: 11921
Number of updates kinematic gets: 11922
Average steps per dynamic update: 12.58195
Average steps contact detection lags behind: 25.16088
Number of times dynamic held back: 605
-----------------------------

~~ kT--dT CO-OP STATISTICS ~~
Number of steps dynamic executed: 200003
Number of updates dynamic gets: 15984
Number of updates kinematic gets: 15985
Average steps per dynamic update: 12.51192
Average steps contact detection lags behind: 25.02077
Number of times dynamic held back: 783
-----------------------------

~~ kT--dT CO-OP STATISTICS ~~
Number of steps dynamic executed: 250004
Number of updates dynamic gets: 19889
Number of updates kinematic gets: 19890
Average steps per dynamic update: 12.56933
Average steps contact detection lags behind: 25.137
Number of times dynamic held back: 976
-----------------------------

~~ kT--dT CO-OP STATISTICS ~~
Number of steps dynamic executed: 300005
Number of updates dynamic gets: 23775
Number of updates kinematic gets: 23776
Average steps per dynamic update: 12.61798
Average steps contact detection lags behind: 25.2341
Number of times dynamic held back: 1179
-----------------------------
194.712 seconds (wall time) to finish the simulation

~~ kT TIMING STATISTICS ~~
kT total active time: 291.358001 seconds
Discretize domain: 54.7398521 seconds, 18.7878% of kT total runtime
Find contact pairs: 73.0196061 seconds, 25.0618% of kT total runtime
Build history map: 32.217092 seconds, 11.0576% of kT total runtime
Unpack updates from dT: 65.5933882 seconds, 22.513% of kT total runtime
Send to dT buffer: 42.4618762 seconds, 14.5738% of kT total runtime
Wait for dT update: 23.3261864 seconds, 8.00602% of kT total runtime

~~ dT TIMING STATISTICS ~~
dT total active time: 286.214813 seconds
Clear force array: 45.6992135 seconds, 15.9668% of dT total runtime
Calculate contact forces: 124.569776 seconds, 43.5232% of dT total runtime
Collect contact forces: 77.7927658 seconds, 27.1799% of dT total runtime
Integration: 26.1226751 seconds, 9.12695% of dT total runtime
Unpack updates from kT: 5.48826299 seconds, 1.91753% of dT total runtime
Send to kT buffer: 4.54818471 seconds, 1.58908% of dT total runtime
Wait for kT update: 1.99393465 seconds, 0.696657% of dT total runtime
--------------------------
Ball density: 7800
Ball rad: 0.0127
Drop height: 0.2
Penetration: 0.0493947
==============================================================
Total num of triangles: 320
Total num of particles: 200789
Output at 10 FPS
Original terrain height: 0.125959
Bulk density: 1455.38

~~ kT--dT CO-OP STATISTICS ~~
Number of steps dynamic executed: 150002
Number of updates dynamic gets: 11694
Number of updates kinematic gets: 11695
Average steps per dynamic update: 12.82617
Average steps contact detection lags behind: 25.64848
Number of times dynamic held back: 665
-----------------------------

~~ kT--dT CO-OP STATISTICS ~~
Number of steps dynamic executed: 200003
Number of updates dynamic gets: 15241
Number of updates kinematic gets: 15242
Average steps per dynamic update: 13.12183
Average steps contact detection lags behind: 26.24019
Number of times dynamic held back: 851
-----------------------------

~~ kT--dT CO-OP STATISTICS ~~
Number of steps dynamic executed: 250004
Number of updates dynamic gets: 19276
Number of updates kinematic gets: 19276
Average steps per dynamic update: 12.9697
Average steps contact detection lags behind: 25.93676
Number of times dynamic held back: 1027
-----------------------------

~~ kT--dT CO-OP STATISTICS ~~
Number of steps dynamic executed: 300005
Number of updates dynamic gets: 23339
Number of updates kinematic gets: 23340
Average steps per dynamic update: 12.85368
Average steps contact detection lags behind: 25.70493
Number of times dynamic held back: 1189
-----------------------------

~~ kT--dT CO-OP STATISTICS ~~
Number of steps dynamic executed: 350006
Number of updates dynamic gets: 27255
Number of updates kinematic gets: 27256
Average steps per dynamic update: 12.84143
Average steps contact detection lags behind: 25.68132
Number of times dynamic held back: 1358
-----------------------------

~~ kT--dT CO-OP STATISTICS ~~
Number of steps dynamic executed: 400007
Number of updates dynamic gets: 31177
Number of updates kinematic gets: 31178
Average steps per dynamic update: 12.82978
Average steps contact detection lags behind: 25.65816
Number of times dynamic held back: 1516
-----------------------------

~~ kT--dT CO-OP STATISTICS ~~
Number of steps dynamic executed: 450008
Number of updates dynamic gets: 35178
Number of updates kinematic gets: 35178
Average steps per dynamic update: 12.79231
Average steps contact detection lags behind: 25.58275
Number of times dynamic held back: 1734
-----------------------------

~~ kT--dT CO-OP STATISTICS ~~
Number of steps dynamic executed: 500009
Number of updates dynamic gets: 39058
Number of updates kinematic gets: 39059
Average steps per dynamic update: 12.80138
Average steps contact detection lags behind: 25.60173
Number of times dynamic held back: 1959
-----------------------------

~~ kT--dT CO-OP STATISTICS ~~
Number of steps dynamic executed: 550010
Number of updates dynamic gets: 42582
Number of updates kinematic gets: 42583
Average steps per dynamic update: 12.91619
Average steps contact detection lags behind: 25.83106
Number of times dynamic held back: 2208
-----------------------------

~~ kT--dT CO-OP STATISTICS ~~
Number of steps dynamic executed: 600011
Number of updates dynamic gets: 46671
Number of updates kinematic gets: 46672
Average steps per dynamic update: 12.85591
Average steps contact detection lags behind: 25.71096
Number of times dynamic held back: 2402
-----------------------------
481.489 seconds (wall time) to finish the simulation

~~ kT TIMING STATISTICS ~~
kT total active time: 580.24084 seconds
Discretize domain: 106.051652 seconds, 18.2772% of kT total runtime
Find contact pairs: 160.412414 seconds, 27.6458% of kT total runtime
Build history map: 57.3890044 seconds, 9.89055% of kT total runtime
Unpack updates from dT: 128.360391 seconds, 22.1219% of kT total runtime
Send to dT buffer: 82.0733735 seconds, 14.1447% of kT total runtime
Wait for dT update: 45.9540055 seconds, 7.91982% of kT total runtime

~~ dT TIMING STATISTICS ~~
dT total active time: 569.97233 seconds
Clear force array: 89.6846693 seconds, 15.7349% of dT total runtime
Calculate contact forces: 247.409993 seconds, 43.4074% of dT total runtime
Collect contact forces: 157.394476 seconds, 27.6144% of dT total runtime
Integration: 51.6881695 seconds, 9.06854% of dT total runtime
Unpack updates from kT: 10.6937306 seconds, 1.87618% of dT total runtime
Send to kT buffer: 8.9680986 seconds, 1.57343% of dT total runtime
Wait for kT update: 4.13319306 seconds, 0.725157% of dT total runtime
--------------------------
Ball density: 15000
Ball rad: 0.0127
Drop height: 0.05
Penetration: 0.0502141
==============================================================
Total num of triangles: 320
Total num of particles: 200789
Output at 10 FPS
Original terrain height: 0.125959
Bulk density: 1455.38

~~ kT--dT CO-OP STATISTICS ~~
Number of steps dynamic executed: 150002
Number of updates dynamic gets: 12112
Number of updates kinematic gets: 12113
Average steps per dynamic update: 12.38355
Average steps contact detection lags behind: 24.76381
Number of times dynamic held back: 482
-----------------------------

~~ kT--dT CO-OP STATISTICS ~~
Number of steps dynamic executed: 200003
Number of updates dynamic gets: 15962
Number of updates kinematic gets: 15963
Average steps per dynamic update: 12.52916
Average steps contact detection lags behind: 25.05475
Number of times dynamic held back: 627
-----------------------------

~~ kT--dT CO-OP STATISTICS ~~
Number of steps dynamic executed: 250004
Number of updates dynamic gets: 19982
Number of updates kinematic gets: 19983
Average steps per dynamic update: 12.51083
Average steps contact detection lags behind: 25.01922
Number of times dynamic held back: 794
-----------------------------

~~ kT--dT CO-OP STATISTICS ~~
Number of steps dynamic executed: 300005
Number of updates dynamic gets: 23924
Number of updates kinematic gets: 23925
Average steps per dynamic update: 12.53939
Average steps contact detection lags behind: 25.07666
Number of times dynamic held back: 961
-----------------------------

~~ kT--dT CO-OP STATISTICS ~~
Number of steps dynamic executed: 350006
Number of updates dynamic gets: 27935
Number of updates kinematic gets: 27936
Average steps per dynamic update: 12.52885
Average steps contact detection lags behind: 25.05602
Number of times dynamic held back: 1103
-----------------------------

~~ kT--dT CO-OP STATISTICS ~~
Number of steps dynamic executed: 400007
Number of updates dynamic gets: 31802
Number of updates kinematic gets: 31803
Average steps per dynamic update: 12.57765
Average steps contact detection lags behind: 25.15335
Number of times dynamic held back: 1256
-----------------------------

~~ kT--dT CO-OP STATISTICS ~~
Number of steps dynamic executed: 450008
Number of updates dynamic gets: 35811
Number of updates kinematic gets: 35812
Average steps per dynamic update: 12.56584
Average steps contact detection lags behind: 25.13049
Number of times dynamic held back: 1383
-----------------------------

~~ kT--dT CO-OP STATISTICS ~~
Number of steps dynamic executed: 500009
Number of updates dynamic gets: 39722
Number of updates kinematic gets: 39723
Average steps per dynamic update: 12.58739
Average steps contact detection lags behind: 25.1736
Number of times dynamic held back: 1543
-----------------------------

~~ kT--dT CO-OP STATISTICS ~~
Number of steps dynamic executed: 550010
Number of updates dynamic gets: 43298
Number of updates kinematic gets: 43298
Average steps per dynamic update: 12.7029
Average steps contact detection lags behind: 25.40441
Number of times dynamic held back: 1719
-----------------------------
425.804 seconds (wall time) to finish the simulation

~~ kT TIMING STATISTICS ~~
kT total active time: 519.947573 seconds
Discretize domain: 92.9259115 seconds, 17.8722% of kT total runtime
Find contact pairs: 139.928938 seconds, 26.9121% of kT total runtime
Build history map: 55.6338102 seconds, 10.6999% of kT total runtime
Unpack updates from dT: 114.141994 seconds, 21.9526% of kT total runtime
Send to dT buffer: 75.87699 seconds, 14.5932% of kT total runtime
Wait for dT update: 41.4399299 seconds, 7.97002% of kT total runtime

~~ dT TIMING STATISTICS ~~
dT total active time: 511.257137 seconds
Clear force array: 82.0393638 seconds, 16.0466% of dT total runtime
Calculate contact forces: 218.303838 seconds, 42.6994% of dT total runtime
Collect contact forces: 143.651158 seconds, 28.0976% of dT total runtime
Integration: 46.3989994 seconds, 9.07547% of dT total runtime
Unpack updates from kT: 9.93226359 seconds, 1.94271% of dT total runtime
Send to kT buffer: 8.21786979 seconds, 1.60738% of dT total runtime
Wait for kT update: 2.71364385 seconds, 0.530779% of dT total runtime
--------------------------
Ball density: 15000
Ball rad: 0.0127
Drop height: 0.1
Penetration: 0.059853
==============================================================
Total num of triangles: 320
Total num of particles: 200789
Output at 10 FPS
Original terrain height: 0.125959
Bulk density: 1455.38

~~ kT--dT CO-OP STATISTICS ~~
Number of steps dynamic executed: 150002
Number of updates dynamic gets: 12206
Number of updates kinematic gets: 12207
Average steps per dynamic update: 12.2882
Average steps contact detection lags behind: 24.57303
Number of times dynamic held back: 489
-----------------------------

~~ kT--dT CO-OP STATISTICS ~~
Number of steps dynamic executed: 200003
Number of updates dynamic gets: 15857
Number of updates kinematic gets: 15858
Average steps per dynamic update: 12.61212
Average steps contact detection lags behind: 25.22096
Number of times dynamic held back: 662
-----------------------------

~~ kT--dT CO-OP STATISTICS ~~
Number of steps dynamic executed: 250004
Number of updates dynamic gets: 19838
Number of updates kinematic gets: 19839
Average steps per dynamic update: 12.60164
Average steps contact detection lags behind: 25.20122
Number of times dynamic held back: 800
-----------------------------

~~ kT--dT CO-OP STATISTICS ~~
Number of steps dynamic executed: 300005
Number of updates dynamic gets: 23794
Number of updates kinematic gets: 23795
Average steps per dynamic update: 12.6079
Average steps contact detection lags behind: 25.2137
Number of times dynamic held back: 968
-----------------------------

~~ kT--dT CO-OP STATISTICS ~~
Number of steps dynamic executed: 350006
Number of updates dynamic gets: 27644
Number of updates kinematic gets: 27645
Average steps per dynamic update: 12.66073
Average steps contact detection lags behind: 25.31977
Number of times dynamic held back: 1132
-----------------------------

~~ kT--dT CO-OP STATISTICS ~~
Number of steps dynamic executed: 400007
Number of updates dynamic gets: 31571
Number of updates kinematic gets: 31572
Average steps per dynamic update: 12.66968
Average steps contact detection lags behind: 25.33786
Number of times dynamic held back: 1283
-----------------------------
282.824 seconds (wall time) to finish the simulation

~~ kT TIMING STATISTICS ~~
kT total active time: 377.011539 seconds
Discretize domain: 69.6945935 seconds, 18.4861% of kT total runtime
Find contact pairs: 98.5780885 seconds, 26.1472% of kT total runtime
Build history map: 40.4198084 seconds, 10.7211% of kT total runtime
Unpack updates from dT: 82.4899718 seconds, 21.88% of kT total runtime
Send to dT buffer: 55.7464438 seconds, 14.7864% of kT total runtime
Wait for dT update: 30.0826326 seconds, 7.97923% of kT total runtime

~~ dT TIMING STATISTICS ~~
dT total active time: 370.613996 seconds
Clear force array: 59.9781096 seconds, 16.1834% of dT total runtime
Calculate contact forces: 158.420298 seconds, 42.7454% of dT total runtime
Collect contact forces: 103.23718 seconds, 27.8557% of dT total runtime
Integration: 33.6775313 seconds, 9.08696% of dT total runtime
Unpack updates from kT: 7.2111625 seconds, 1.94573% of dT total runtime
Send to kT buffer: 5.9835845 seconds, 1.61451% of dT total runtime
Wait for kT update: 2.10613054 seconds, 0.568281% of dT total runtime
--------------------------
Ball density: 15000
Ball rad: 0.0127
Drop height: 0.2
Penetration: 0.0743057
==============================================================
DEMdemo_BallDrop exiting...
