Performing C++ SOURCE FILE Test CMAKE_HAVE_LIBC_PTHREAD failed with the following output:
Change Dir: /home/ppaudya3/chrono_DEM_b/DEM_build/CMakeFiles/CMakeTmp

Run Build Command(s):/usr/bin/gmake -f Makefile cmTC_220fe/fast && /usr/bin/gmake  -f CMakeFiles/cmTC_220fe.dir/build.make CMakeFiles/cmTC_220fe.dir/build
gmake[1]: Entering directory '/home/ppaudya3/chrono_DEM_b/DEM_build/CMakeFiles/CMakeTmp'
Building CXX object CMakeFiles/cmTC_220fe.dir/src.cxx.o
/packages/apps/spack/18/opt/spack/gcc-11.2.0/gcc-11.2.0-244/bin/g++ -DCMAKE_HAVE_LIBC_PTHREAD   -o CMakeFiles/cmTC_220fe.dir/src.cxx.o -c /home/ppaudya3/chrono_DEM_b/DEM_build/CMakeFiles/CMakeTmp/src.cxx
Linking CXX executable cmTC_220fe
/packages/apps/spack/18/opt/spack/gcc-11.2.0/cmake-3.23.1-okf/bin/cmake -E cmake_link_script CMakeFiles/cmTC_220fe.dir/link.txt --verbose=1
/packages/apps/spack/18/opt/spack/gcc-11.2.0/gcc-11.2.0-244/bin/g++ CMakeFiles/cmTC_220fe.dir/src.cxx.o -o cmTC_220fe 
CMakeFiles/cmTC_220fe.dir/src.cxx.o: In function `main':
src.cxx:(.text+0x2d): undefined reference to `pthread_create'
src.cxx:(.text+0x39): undefined reference to `pthread_detach'
src.cxx:(.text+0x45): undefined reference to `pthread_cancel'
src.cxx:(.text+0x56): undefined reference to `pthread_join'
collect2: error: ld returned 1 exit status
gmake[1]: *** [CMakeFiles/cmTC_220fe.dir/build.make:99: cmTC_220fe] Error 1
gmake[1]: Leaving directory '/home/ppaudya3/chrono_DEM_b/DEM_build/CMakeFiles/CMakeTmp'
gmake: *** [Makefile:127: cmTC_220fe/fast] Error 2


Source file was:
#include <pthread.h>

static void* test_func(void* data)
{
  return data;
}

int main(void)
{
  pthread_t thread;
  pthread_create(&thread, NULL, test_func, NULL);
  pthread_detach(thread);
  pthread_cancel(thread);
  pthread_join(thread, NULL);
  pthread_atfork(NULL, NULL, NULL);
  pthread_exit(NULL);

  return 0;
}

Determining if the function pthread_create exists in the pthreads failed with the following output:
Change Dir: /home/ppaudya3/chrono_DEM_b/DEM_build/CMakeFiles/CMakeTmp

Run Build Command(s):/usr/bin/gmake -f Makefile cmTC_fb638/fast && /usr/bin/gmake  -f CMakeFiles/cmTC_fb638.dir/build.make CMakeFiles/cmTC_fb638.dir/build
gmake[1]: Entering directory '/home/ppaudya3/chrono_DEM_b/DEM_build/CMakeFiles/CMakeTmp'
Building CXX object CMakeFiles/cmTC_fb638.dir/CheckFunctionExists.cxx.o
/packages/apps/spack/18/opt/spack/gcc-11.2.0/gcc-11.2.0-244/bin/g++   -DCHECK_FUNCTION_EXISTS=pthread_create -o CMakeFiles/cmTC_fb638.dir/CheckFunctionExists.cxx.o -c /home/ppaudya3/chrono_DEM_b/DEM_build/CMakeFiles/CheckLibraryExists/CheckFunctionExists.cxx
Linking CXX executable cmTC_fb638
/packages/apps/spack/18/opt/spack/gcc-11.2.0/cmake-3.23.1-okf/bin/cmake -E cmake_link_script CMakeFiles/cmTC_fb638.dir/link.txt --verbose=1
/packages/apps/spack/18/opt/spack/gcc-11.2.0/gcc-11.2.0-244/bin/g++  -DCHECK_FUNCTION_EXISTS=pthread_create CMakeFiles/cmTC_fb638.dir/CheckFunctionExists.cxx.o -o cmTC_fb638  -lpthreads 
/usr/bin/ld: cannot find -lpthreads
collect2: error: ld returned 1 exit status
gmake[1]: *** [CMakeFiles/cmTC_fb638.dir/build.make:99: cmTC_fb638] Error 1
gmake[1]: Leaving directory '/home/ppaudya3/chrono_DEM_b/DEM_build/CMakeFiles/CMakeTmp'
gmake: *** [Makefile:127: cmTC_fb638/fast] Error 2



